khizarhussain16, 34818, 7, 2016-3-8 19:55:22
0: 5,31
1: 15,19
2: 15,34
3: 31,36
4: 0,6
5: 11,16
6: 24,21
0: 5,31
1: 15,19
2: 14,34
3: 31,36
4: 0,5
5: 11,16
6: 23,21
0: 5,31
1: 15,18
2: 14,35
3: 31,35
4: 0,4
5: 11,15
6: 23,21
0: 6,31
1: 15,18
2: 14,35
3: 31,35
4: 0,3
5: 10,15
6: 23,21
0: 6,30
1: 15,18
2: 14,36
3: 31,34
4: 0,3
5: 10,15
6: 23,21
0: 5,30
1: 16,18
2: 14,36
3: 30,34
4: 1,3
5: 9,15
6: 24,21
0: 5,30
1: 16,17
2: 14,37
3: 30,35
4: 1,2
5: 9,15
6: 24,20
0: 5,30
1: 16,17
2: 15,37
3: 30,35
4: 1,2
5: 8,15
6: 23,20
0: 5,29
1: 16,16
2: 15,36
3: 30,36
4: 1,1
5: 8,16
6: 23,20
0: 4,29
1: 15,16
2: 15,36
3: 30,36
4: 1,1
5: 8,16
6: 22,20
0: 4,29
1: 15,16
2: 15,35
3: 30,37
4: 1,0
5: 8,17
6: 22,21
0: 3,29
1: 14,16
2: 15,35
3: 31,37
4: 0,0
5: 8,17
6: 22,21
0: 3,30
1: 14,17
2: 15,35
3: 31,37
4: 0,1
5: 8,17
6: 22,22
0: 3,30
1: 15,17
2: 15,35
3: 32,37
4: 0,1
5: 7,17
6: 23,22
0: 3,31
1: 15,17
2: 15,36
3: 32,36
4: 0,2
5: 7,17
6: 23,22
0: 3,31
1: 15,17
2: 15,36
3: 32,36
4: 0,2
5: 7,17
6: 24,22
0: 3,32
1: 15,17
2: 15,37
3: 32,35
4: 0,2
5: 7,17
6: 24,22
0: 3,32
1: 14,17
2: 15,37
3: 32,35
4: 0,1
5: 8,17
6: 24,22
0: 3,33
1: 14,17
2: 15,38
3: 32,34
4: 0,0
5: 8,16
6: 24,23
0: 4,33
1: 13,17
2: 16,38
3: 32,34
4: 1,0
5: 7,16
6: 24,23
0: 4,32
1: 13,18
2: 16,37
3: 32,34
4: 1,0
5: 7,16
6: 24,24
0: 4,32
1: 13,18
2: 16,37
3: 33,34
4: 1,0
5: 7,16
6: 25,24
0: 4,31
1: 13,19
2: 16,37
3: 33,33
4: 1,1
5: 7,15
6: 25,23
0: 4,31
1: 14,19
2: 17,37
3: 33,33
4: 1,1
5: 7,15
6: 25,23
0: 4,30
1: 14,18
2: 17,37
3: 33,33
4: 1,2
5: 7,14
6: 25,23
0: 4,30
1: 14,18
2: 17,37
3: 34,33
4: 1,2
5: 7,14
6: 26,23
0: 4,30
1: 14,18
2: 17,38
3: 34,33
4: 1,3
5: 7,13
6: 26,22
0: 4,30
1: 14,18
2: 18,38
3: 34,33
4: 1,3
5: 7,13
6: 25,22
0: 4,31
1: 14,19
2: 18,38
3: 34,34
4: 1,4
5: 7,12
6: 25,22
0: 4,31
1: 14,19
2: 19,38
3: 34,34
4: 2,4
5: 7,12
6: 25,22
0: 4,32
1: 14,20
2: 19,38
3: 34,35
4: 2,3
5: 7,11
6: 25,21
0: 4,32
1: 14,20
2: 19,38
3: 34,35
4: 2,3
5: 7,11
6: 25,21
0: 4,33
1: 14,20
2: 19,39
3: 34,36
4: 2,3
5: 7,11
6: 25,21
0: 4,33
1: 13,20
2: 19,39
3: 34,36
4: 2,3
5: 8,11
6: 26,21
0: 4,34
1: 13,20
2: 19,39
3: 34,37
4: 2,4
5: 8,11
6: 26,20
0: 4,34
1: 12,20
2: 18,39
3: 34,37
4: 2,4
5: 9,11
6: 26,20
0: 4,35
1: 12,21
2: 18,39
3: 34,37
4: 2,4
5: 9,11
6: 26,20
0: 4,35
1: 12,21
2: 17,39
3: 33,37
4: 1,4
5: 9,11
6: 27,20
0: 4,35
1: 12,22
2: 17,39
3: 33,38
4: 1,4
5: 9,12
6: 27,19
0: 3,35
1: 12,22
2: 16,39
3: 33,38
4: 1,4
5: 9,12
6: 27,19
0: 3,35
1: 12,22
2: 16,39
3: 33,38
4: 1,3
5: 9,13
6: 27,19
0: 2,35
1: 12,22
2: 15,39
3: 32,38
4: 0,3
5: 10,13
6: 28,19
0: 2,35
1: 12,21
2: 15,39
3: 32,39
4: 0,4
5: 10,12
6: 28,18
0: 2,35
1: 12,21
2: 14,39
3: 33,39
4: 0,4
5: 10,12
6: 27,18
0: 2,34
1: 12,20
2: 14,39
3: 33,39
4: 0,5
5: 10,11
6: 27,18
0: 2,34
1: 12,20
2: 14,39
3: 34,39
4: 0,5
5: 10,11
6: 26,18
0: 2,33
1: 12,19
2: 14,38
3: 34,38
4: 0,6
5: 10,11
6: 26,18
0: 2,33
1: 12,19
2: 13,38
3: 34,38
4: 0,6
5: 11,11
6: 26,18
0: 2,32
1: 12,18
2: 13,39
3: 34,38
4: 0,7
5: 11,11
6: 26,17
0: 2,32
1: 12,18
2: 13,39
3: 35,38
4: 0,7
5: 12,11
6: 26,17
0: 2,31
1: 12,17
2: 13,39
3: 35,37
4: 0,8
5: 12,11
6: 26,17
0: 1,31
1: 12,17
2: 12,39
3: 35,37
4: 0,8
5: 13,11
6: 27,17
0: 1,31
1: 12,16
2: 12,39
3: 35,36
4: 0,9
5: 13,10
6: 27,17
0: 0,31
1: 12,16
2: 11,39
3: 35,36
4: 1,9
5: 12,10
6: 28,17
0: 0,32
1: 12,16
2: 11,39
3: 35,35
4: 1,8
5: 12,10
6: 28,17
0: 1,32
1: 13,16
2: 11,39
3: 35,35
4: 1,8
5: 11,10
6: 29,17
0: 1,32
1: 13,15
2: 11,38
3: 35,34
4: 1,7
5: 11,10
6: 29,17
0: 1,32
1: 13,15
2: 11,38
3: 35,34
4: 1,7
5: 11,10
6: 30,17
0: 1,33
1: 13,15
2: 11,38
3: 35,33
4: 1,6
5: 11,9
6: 30,16
0: 1,33
1: 14,15
2: 12,38
3: 35,33
4: 1,6
5: 11,9
6: 30,16
0: 1,33
1: 14,14
2: 12,37
3: 35,32
4: 1,5
5: 11,9
6: 30,15
0: 0,33
1: 14,14
2: 12,37
3: 34,32
4: 1,5
5: 12,9
6: 30,15
0: 0,34
1: 14,14
2: 12,37
3: 34,32
4: 1,5
5: 12,9
6: 30,14
0: 1,34
1: 15,14
2: 13,37
3: 33,32
4: 2,5
5: 13,9
6: 30,14
0: 1,34
1: 15,13
2: 13,36
3: 33,32
4: 2,5
5: 13,8
6: 30,13
0: 1,34
1: 15,13
2: 13,36
3: 33,32
4: 3,5
5: 13,8
6: 30,13
0: 1,35
1: 15,13
2: 13,35
3: 33,31
4: 3,4
5: 13,8
6: 30,13
0: 1,35
1: 16,13
2: 13,35
3: 33,31
4: 3,4
5: 14,8
6: 31,13
0: 1,36
1: 16,13
2: 13,34
3: 33,30
4: 3,3
5: 14,7
6: 31,13
0: 2,36
1: 16,13
2: 13,34
3: 33,30
4: 3,3
5: 13,7
6: 31,13
0: 2,36
1: 16,14
2: 13,33
3: 33,30
4: 3,3
5: 13,7
6: 31,14
0: 3,36
1: 16,14
2: 13,33
3: 34,30
4: 4,3
5: 13,7
6: 32,14
0: 3,36
1: 16,15
2: 13,33
3: 34,29
4: 4,2
5: 13,7
6: 32,14
0: 3,36
1: 17,15
2: 14,33
3: 34,29
4: 3,2
5: 14,7
6: 32,14
0: 3,37
1: 17,15
2: 14,32
3: 34,28
4: 3,2
5: 14,7
6: 32,14
0: 3,37
1: 17,15
2: 14,32
3: 33,28
4: 2,2
5: 14,7
6: 31,14
0: 3,38
1: 17,16
2: 14,31
3: 33,29
4: 2,2
5: 14,8
6: 31,14
0: 3,38
1: 17,16
2: 13,31
3: 33,29
4: 2,2
5: 14,8
6: 31,14
0: 3,38
1: 17,17
2: 13,31
3: 33,29
4: 2,1
5: 14,9
6: 31,13
0: 2,38
1: 17,17
2: 13,31
3: 33,29
4: 2,1
5: 15,9
6: 30,13
0: 2,38
1: 17,18
2: 13,30
3: 33,28
4: 2,0
5: 15,9
6: 30,14
0: 2,38
1: 17,18
2: 13,30
3: 33,28
4: 2,0
5: 15,9
6: 30,14
0: 2,37
1: 17,19
2: 13,30
3: 33,28
4: 2,0
5: 15,9
6: 30,15
0: 1,37
1: 17,19
2: 14,30
3: 34,28
4: 3,0
5: 14,9
6: 30,15
0: 1,37
1: 17,20
2: 14,29
3: 34,28
4: 3,0
5: 14,9
6: 30,16
0: 0,37
1: 18,20
2: 14,29
3: 34,28
4: 4,0
5: 14,9
6: 30,16
0: 0,38
1: 18,19
2: 14,28
3: 34,29
4: 4,0
5: 14,8
6: 30,17
0: 1,38
1: 18,19
2: 14,28
3: 34,29
4: 4,0
5: 13,8
6: 31,17
0: 1,38
1: 18,19
2: 14,28
3: 34,30
4: 4,1
5: 13,9
6: 31,16
0: 1,38
1: 19,19
2: 15,28
3: 34,30
4: 5,1
5: 13,9
6: 31,16
0: 1,39
1: 19,19
2: 15,28
3: 34,30
4: 5,0
5: 13,9
6: 31,15
0: 2,39
1: 20,19
2: 16,28
3: 33,30
4: 5,0
5: 12,9
6: 31,15
0: 2,39
1: 20,18
2: 16,27
3: 33,31
4: 5,0
5: 12,9
6: 31,15
0: 3,39
1: 20,18
2: 16,27
3: 34,31
4: 6,0
5: 11,9
6: 32,15
0: 3,39
1: 20,17
2: 16,26
3: 34,31
4: 6,0
5: 11,10
6: 32,15
0: 4,39
1: 20,17
2: 16,26
3: 35,31
4: 7,0
5: 12,10
6: 33,15
0: 4,39
1: 20,16
2: 16,25
3: 35,30
4: 7,0
5: 12,10
6: 33,14
0: 5,39
1: 20,16
2: 15,25
3: 35,30
4: 8,0
5: 13,10
6: 33,14
0: 5,39
1: 20,15
2: 15,25
3: 35,30
4: 8,0
5: 13,10
6: 33,13
0: 6,39
1: 19,15
2: 14,25
3: 36,30
4: 9,0
5: 13,10
6: 32,13
0: 6,38
1: 19,16
2: 14,25
3: 36,29
4: 9,0
5: 13,11
6: 32,13
0: 6,38
1: 19,16
2: 14,25
3: 35,29
4: 10,0
5: 13,11
6: 32,13
0: 6,37
1: 19,17
2: 14,24
3: 35,29
4: 10,0
5: 13,11
6: 32,12
0: 6,37
1: 19,17
2: 13,24
3: 35,29
4: 11,0
5: 12,11
6: 32,12
0: 6,36
1: 19,18
2: 13,24
3: 35,28
4: 11,0
5: 12,12
6: 32,11
0: 5,36
1: 19,18
2: 12,24
3: 35,28
4: 12,0
5: 12,12
6: 32,11
0: 5,37
1: 19,18
2: 12,24
3: 35,27
4: 12,0
5: 12,13
6: 32,10
0: 5,37
1: 18,18
2: 11,24
3: 35,27
4: 13,0
5: 12,13
6: 32,10
0: 5,38
1: 18,18
2: 11,24
3: 35,26
4: 13,0
5: 12,13
6: 32,10
0: 5,38
1: 18,18
2: 10,24
3: 35,26
4: 14,0
5: 11,13
6: 33,10
0: 5,38
1: 18,17
2: 10,24
3: 35,25
4: 14,0
5: 11,13
6: 33,9
0: 4,38
1: 18,17
2: 9,24
3: 35,25
4: 15,0
5: 11,13
6: 32,9
0: 4,38
1: 18,16
2: 9,24
3: 35,24
4: 15,0
5: 11,12
6: 32,9
0: 4,38
1: 18,16
2: 9,24
3: 35,24
4: 16,0
5: 11,12
6: 32,9
0: 4,37
1: 18,15
2: 9,23
3: 35,24
4: 16,0
5: 11,12
6: 32,8
0: 4,37
1: 18,15
2: 8,23
3: 36,24
4: 17,0
5: 11,12
6: 32,8
0: 4,36
1: 18,14
2: 8,23
3: 36,24
4: 17,0
5: 11,13
6: 32,8
0: 4,36
1: 18,14
2: 8,23
3: 37,24
4: 18,0
5: 12,13
6: 33,8
0: 4,36
1: 18,13
2: 8,22
3: 37,23
4: 18,0
5: 12,12
6: 33,7
0: 4,36
1: 17,13
2: 8,22
3: 36,23
4: 18,0
5: 12,12
6: 32,7
0: 4,37
1: 17,14
2: 8,22
3: 36,23
4: 18,0
5: 12,11
6: 32,7
0: 4,37
1: 17,14
2: 9,22
3: 35,23
4: 17,0
5: 11,11
6: 32,7
0: 4,38
1: 17,14
2: 9,21
3: 35,23
4: 17,0
5: 11,11
6: 32,6
0: 5,38
1: 17,14
2: 9,21
3: 34,23
4: 16,0
5: 10,11
6: 31,6
0: 5,37
1: 17,13
2: 9,21
3: 34,24
4: 16,0
5: 10,12
6: 31,6
0: 5,37
1: 17,13
2: 10,21
3: 34,24
4: 15,0
5: 10,12
6: 30,6
0: 5,36
1: 17,12
2: 10,20
3: 34,24
4: 15,1
5: 10,13
6: 30,6
0: 5,36
1: 16,12
2: 9,20
3: 33,24
4: 15,1
5: 10,13
6: 29,6
0: 5,35
1: 16,12
2: 9,20
3: 33,25
4: 15,2
5: 10,13
6: 29,7
0: 5,35
1: 16,12
2: 8,20
3: 34,25
4: 15,2
5: 9,13
6: 29,7
0: 5,34
1: 16,11
2: 8,20
3: 34,25
4: 15,3
5: 9,13
6: 29,7
0: 5,34
1: 16,11
2: 7,20
3: 34,25
4: 15,3
5: 9,13
6: 28,7
0: 5,34
1: 16,11
2: 7,21
3: 34,25
4: 15,3
5: 9,12
6: 28,8
0: 5,34
1: 17,11
2: 8,21
3: 33,25
4: 15,3
5: 8,12
6: 28,8
0: 5,35
1: 17,10
2: 8,21
3: 33,25
4: 15,2
5: 8,12
6: 28,8
0: 5,35
1: 17,10
2: 8,21
3: 33,25
4: 14,2
5: 8,12
6: 27,8
0: 5,36
1: 17,10
2: 8,21
3: 33,24
4: 14,2
5: 8,12
6: 27,9
0: 6,36
1: 18,10
2: 7,21
3: 33,24
4: 14,2
5: 9,12
6: 27,9
0: 6,36
1: 18,10
2: 7,22
3: 33,24
4: 14,1
5: 9,11
6: 27,9
0: 6,36
1: 19,10
2: 7,22
3: 34,24
4: 14,1
5: 8,11
6: 27,9
0: 6,37
1: 19,10
2: 7,22
3: 34,23
4: 14,1
5: 8,11
6: 27,8
0: 6,37
1: 19,10
2: 6,22
3: 34,23
4: 14,1
5: 7,11
6: 27,8
0: 6,38
1: 19,11
2: 6,22
3: 34,23
4: 14,2
5: 7,12
6: 27,7
0: 6,38
1: 20,11
2: 6,22
3: 35,23
4: 15,2
5: 7,12
6: 26,7
0: 6,39
1: 20,11
2: 6,21
3: 35,22
4: 15,1
5: 7,13
6: 26,8
0: 6,39
1: 20,11
2: 5,21
3: 35,22
4: 15,1
5: 8,13
6: 26,8
0: 6,39
1: 20,12
2: 5,21
3: 35,22
4: 15,0
5: 8,13
6: 26,8
0: 5,39
1: 20,12
2: 4,21
3: 35,22
4: 14,0
5: 8,13
6: 25,8
0: 5,39
1: 20,13
2: 4,22
3: 35,23
4: 14,0
5: 8,14
6: 25,8
0: 4,39
1: 20,13
2: 4,22
3: 36,23
4: 13,0
5: 9,14
6: 24,8
0: 4,39
1: 20,13
2: 4,22
3: 36,23
4: 13,0
5: 9,14
6: 24,9
0: 3,39
1: 19,13
2: 3,22
3: 37,23
4: 12,0
5: 10,14
6: 24,9
0: 3,39
1: 19,14
2: 3,22
3: 37,23
4: 12,1
5: 10,14
6: 24,9
0: 2,39
1: 20,14
2: 3,22
3: 37,23
4: 13,1
5: 11,14
6: 24,9
0: 2,39
1: 20,14
2: 3,21
3: 37,24
4: 13,1
5: 11,14
6: 24,8
0: 1,39
1: 21,14
2: 2,21
3: 37,24
4: 13,1
5: 12,14
6: 24,8
0: 1,39
1: 21,13
2: 2,22
3: 37,25
4: 13,2
5: 12,14
6: 24,7
0: 0,39
1: 21,13
2: 2,22
3: 38,25
4: 13,2
5: 13,14
6: 24,7
0: 0,39
1: 21,13
2: 2,22
3: 38,25
4: 13,2
5: 13,13
6: 24,7
0: 1,39
1: 22,13
2: 1,22
3: 38,25
4: 12,2
5: 13,13
6: 25,7
0: 1,38
1: 22,13
2: 1,23
3: 38,25
4: 12,2
5: 13,12
6: 25,6
0: 0,38
1: 22,13
2: 2,23
3: 37,25
4: 11,2
5: 13,12
6: 24,6
0: 0,38
1: 22,14
2: 2,23
3: 37,25
4: 11,3
5: 13,12
6: 24,6
0: 0,37
1: 22,14
2: 2,23
3: 36,25
4: 11,3
5: 14,12
6: 24,6
0: 0,36
1: 22,15
2: 2,24
3: 36,25
4: 11,3
5: 14,11
6: 24,5
0: 0,35
1: 22,15
2: 3,24
3: 36,25
4: 10,3
5: 14,11
6: 23,5
0: 0,35
1: 22,15
2: 3,23
3: 36,25
4: 10,3
5: 14,10
6: 23,6
0: 0,35
1: 21,15
2: 3,23
3: 37,25
4: 10,3
5: 14,10
6: 23,6
0: 0,36
1: 21,16
2: 3,23
3: 37,24
4: 10,2
5: 14,10
6: 23,7
0: 0,36
1: 21,16
2: 4,23
3: 36,24
4: 9,2
5: 15,10
6: 23,7
0: 0,37
1: 21,17
2: 4,23
3: 36,24
4: 9,3
5: 15,10
6: 23,7
0: 1,37
1: 21,17
2: 4,23
3: 35,24
4: 9,3
5: 16,10
6: 23,7
0: 1,37
1: 21,18
2: 4,24
3: 35,25
4: 9,3
5: 16,9
6: 23,6
0: 2,37
1: 22,18
2: 4,24
3: 35,25
4: 9,3
5: 16,9
6: 23,6
0: 2,37
1: 22,18
2: 4,25
3: 35,26
4: 9,2
5: 16,9
6: 23,5
0: 2,37
1: 23,18
2: 5,25
3: 36,26
4: 9,2
5: 17,9
6: 23,5
0: 2,38
1: 23,18
2: 5,25
3: 36,26
4: 9,2
5: 17,8
6: 23,4
0: 3,38
1: 24,18
2: 5,25
3: 37,26
4: 10,2
5: 16,8
6: 23,4
0: 3,37
1: 24,18
2: 5,26
3: 37,26
4: 10,2
5: 16,8
6: 23,4
0: 3,37
1: 25,18
2: 6,26
3: 38,26
4: 10,2
5: 15,8
6: 24,4
0: 3,36
1: 25,17
2: 6,25
3: 38,26
4: 10,3
5: 15,8
6: 24,4
0: 2,36
1: 24,17
2: 6,25
3: 39,26
4: 11,3
5: 15,8
6: 25,4
0: 2,36
1: 24,17
2: 6,24
3: 39,25
4: 11,2
5: 15,7
6: 25,3
0: 1,36
1: 23,17
2: 5,24
3: 39,25
4: 11,2
5: 15,7
6: 24,3
0: 1,36
1: 23,17
2: 5,24
3: 39,24
4: 11,1
5: 15,6
6: 24,3
0: 1,36
1: 23,17
2: 5,24
3: 38,24
4: 10,1
5: 15,6
6: 24,3
0: 1,35
1: 23,16
2: 5,23
3: 38,24
4: 10,1
5: 15,5
6: 24,3
0: 1,35
1: 22,16
2: 5,23
3: 38,24
4: 9,1
5: 14,5
6: 25,3
0: 1,34
1: 22,17
2: 5,22
3: 38,23
4: 9,1
5: 14,6
6: 25,3
0: 0,34
1: 22,17
2: 5,22
3: 38,23
4: 8,1
5: 14,6
6: 25,3
0: 0,34
1: 22,17
2: 5,22
3: 38,22
4: 8,2
5: 14,6
6: 25,4
0: 0,33
1: 22,17
2: 5,22
3: 38,22
4: 8,2
5: 13,6
6: 25,4
0: 0,33
1: 22,16
2: 5,23
3: 38,22
4: 8,3
5: 13,6
6: 25,5
0: 1,33
1: 22,16
2: 6,23
3: 38,22
4: 8,3
5: 12,6
6: 26,5
0: 1,32
1: 22,16
2: 6,23
3: 38,23
4: 8,4
5: 12,6
6: 26,4
0: 0,32
1: 23,16
2: 7,23
3: 39,23
4: 8,4
5: 11,6
6: 26,4
0: 0,32
1: 23,16
2: 7,23
3: 39,22
4: 8,5
5: 11,7
6: 26,4
0: 0,31
1: 24,16
2: 7,23
3: 39,22
4: 8,5
5: 12,7
6: 26,4
0: 0,30
1: 24,15
2: 7,24
3: 39,21
4: 8,6
5: 12,7
6: 26,5
0: 0,29
1: 24,15
2: 8,24
3: 38,21
4: 9,6
5: 12,7
6: 26,5
0: 0,29
1: 24,14
2: 8,24
3: 38,21
4: 9,6
5: 12,8
6: 26,6
0: 1,29
1: 24,14
2: 8,24
3: 37,21
4: 9,6
5: 12,8
6: 26,6
0: 1,28
1: 24,14
2: 8,25
3: 37,22
4: 9,7
5: 12,8
6: 26,6
0: 0,28
1: 25,14
2: 8,25
3: 37,22
4: 10,7
5: 11,8
6: 26,6
0: 0,28
1: 25,14
2: 8,25
3: 37,22
4: 10,6
5: 11,8
6: 26,5
0: 0,27
1: 25,14
2: 7,25
3: 36,22
4: 10,6
5: 10,8
6: 25,5
0: 0,26
1: 25,15
2: 7,26
3: 36,22
4: 10,5
5: 10,9
6: 25,5
0: 0,26
1: 25,15
2: 8,26
3: 36,22
4: 9,5
5: 10,9
6: 25,5
0: 1,26
1: 25,16
2: 8,26
3: 36,21
4: 9,5
5: 10,10
6: 25,4
0: 1,26
1: 26,16
2: 9,26
3: 35,21
4: 9,5
5: 10,10
6: 24,4
0: 1,26
1: 26,16
2: 9,25
3: 35,21
4: 9,4
5: 10,10
6: 24,4
0: 1,27
1: 27,16
2: 9,25
3: 34,21
4: 9,4
5: 9,10
6: 23,4
0: 2,27
1: 27,16
2: 9,25
3: 34,22
4: 9,4
5: 9,10
6: 23,5
0: 2,27
1: 28,16
2: 10,25
3: 34,22
4: 10,4
5: 9,10
6: 24,5
0: 2,27
1: 28,16
2: 10,25
3: 34,22
4: 10,4
5: 9,9
6: 24,5
0: 2,28
1: 29,16
2: 11,25
3: 33,22
4: 11,4
5: 8,9
6: 24,5
0: 3,28
1: 29,15
2: 11,25
3: 33,23
4: 11,4
5: 8,10
6: 24,6
0: 3,27
1: 28,15
2: 12,25
3: 33,23
4: 11,4
5: 8,10
6: 25,6
0: 3,27
1: 28,15
2: 12,25
3: 33,23
4: 11,5
5: 8,10
6: 25,6
0: 3,26
1: 28,15
2: 12,25
3: 32,23
4: 12,5
5: 7,10
6: 25,6
0: 2,26
1: 28,14
2: 12,26
3: 32,23
4: 12,5
5: 7,10
6: 25,7
0: 2,26
1: 28,14
2: 12,26
3: 32,23
4: 13,5
5: 7,10
6: 25,7
0: 2,26
1: 28,14
2: 12,27
3: 32,22
4: 13,4
5: 7,9
6: 25,7
0: 2,25
1: 29,14
2: 13,27
3: 32,22
4: 12,4
5: 6,9
6: 24,7
0: 1,25
1: 29,13
2: 13,27
3: 32,21
4: 12,4
5: 6,10
6: 24,8
0: 1,25
1: 29,13
2: 14,27
3: 31,21
4: 12,4
5: 6,10
6: 25,8
0: 1,25
1: 29,12
2: 14,27
3: 31,21
4: 12,3
5: 6,10
6: 25,8
0: 1,24
1: 29,12
2: 15,27
3: 31,21
4: 12,3
5: 5,10
6: 26,8
0: 0,24
1: 29,12
2: 15,26
3: 31,20
4: 12,3
5: 5,10
6: 26,7
0: 0,25
1: 30,12
2: 14,26
3: 31,20
4: 13,3
5: 4,10
6: 26,7
0: 0,25
1: 30,12
2: 14,26
3: 31,20
4: 13,3
5: 4,10
6: 26,7
0: 0,25
1: 31,12
2: 13,26
3: 32,20
4: 14,3
5: 3,10
6: 27,7
0: 0,24
1: 31,11
2: 13,26
3: 32,20
4: 14,3
5: 3,11
6: 27,7
0: 0,23
1: 31,11
2: 13,26
3: 32,20
4: 14,3
5: 4,11
6: 27,7
0: 0,22
1: 31,10
2: 13,25
3: 32,20
4: 14,4
5: 4,11
6: 27,8
0: 0,21
1: 31,10
2: 13,25
3: 31,20
4: 15,4
5: 4,11
6: 28,8
0: 0,20
1: 31,9
2: 13,25
3: 31,21
4: 15,4
5: 4,11
6: 28,7
0: 0,20
1: 31,9
2: 13,25
3: 32,21
4: 16,4
5: 3,11
6: 28,7
0: 1,20
1: 31,8
2: 13,26
3: 32,21
4: 16,3
5: 3,11
6: 28,7
0: 1,20
1: 31,8
2: 14,26
3: 33,21
4: 16,3
5: 3,11
6: 29,7
0: 2,20
1: 31,7
2: 14,26
3: 33,20
4: 16,3
5: 3,10
6: 29,6
0: 2,20
1: 30,7
2: 15,26
3: 33,20
4: 17,3
5: 3,10
6: 29,6
0: 3,20
1: 30,8
2: 15,26
3: 33,20
4: 17,2
5: 3,10
6: 29,5
0: 3,20
1: 30,8
2: 15,26
3: 34,20
4: 16,2
5: 4,10
6: 29,5
0: 4,20
1: 30,8
2: 15,27
3: 34,19
4: 16,2
5: 4,10
6: 29,5
0: 4,20
1: 29,8
2: 15,27
3: 34,19
4: 16,2
5: 5,10
6: 29,5
0: 5,20
1: 29,9
2: 15,27
3: 34,19
4: 16,1
5: 5,9
6: 29,6
0: 5,19
1: 29,9
2: 14,27
3: 35,19
4: 16,1
5: 4,9
6: 30,6
0: 4,19
1: 29,9
2: 14,27
3: 35,19
4: 16,1
5: 4,9
6: 30,5
0: 4,19
1: 28,9
2: 13,27
3: 36,19
4: 17,1
5: 4,9
6: 30,5
0: 3,19
1: 28,10
2: 13,28
3: 36,18
4: 17,1
5: 4,8
6: 30,4
0: 3,19
1: 28,10
2: 13,28
3: 36,18
4: 18,1
5: 4,8
6: 29,4
0: 3,19
1: 28,11
2: 13,28
3: 36,17
4: 18,1
5: 4,8
6: 29,4
0: 3,18
1: 29,11
2: 12,28
3: 36,17
4: 19,1
5: 5,8
6: 28,4
0: 2,18
1: 29,10
2: 12,28
3: 36,16
4: 19,0
5: 5,7
6: 28,5
0: 2,19
1: 29,10
2: 11,28
3: 36,16
4: 19,0
5: 5,7
6: 28,5
0: 2,19
1: 29,10
2: 11,28
3: 36,15
4: 19,0
5: 5,7
6: 28,6
0: 2,19
1: 30,10
2: 10,28
3: 36,15
4: 20,0
5: 6,7
6: 28,6
0: 1,19
1: 30,9
2: 10,29
3: 36,15
4: 20,0
5: 6,7
6: 28,6
0: 1,19
1: 30,9
2: 11,29
3: 37,15
4: 21,0
5: 6,7
6: 27,6
0: 1,19
1: 30,9
2: 11,29
3: 37,15
4: 21,0
5: 6,8
6: 27,6
0: 1,18
1: 30,9
2: 12,29
3: 38,15
4: 22,0
5: 7,8
6: 27,6
0: 0,18
1: 30,10
2: 12,29
3: 38,14
4: 22,0
5: 7,7
6: 27,5
0: 0,19
1: 30,10
2: 13,29
3: 37,14
4: 23,0
5: 7,7
6: 27,5
0: 0,19
1: 30,11
2: 13,29
3: 37,14
4: 23,0
5: 7,6
6: 27,4
0: 0,19
1: 30,11
2: 13,29
3: 36,14
4: 23,0
5: 7,6
6: 27,4
0: 0,18
1: 30,11
2: 13,29
3: 36,14
4: 23,1
5: 7,5
6: 27,3
0: 0,17
1: 30,11
2: 12,29
3: 36,14
4: 24,1
5: 6,5
6: 26,3
0: 0,17
1: 30,10
2: 12,30
3: 36,14
4: 24,1
5: 6,6
6: 26,3
0: 1,17
1: 29,10
2: 12,30
3: 37,14
4: 24,1
5: 6,6
6: 26,3
0: 1,17
1: 29,11
2: 12,30
3: 37,14
4: 24,2
5: 6,6
6: 26,2
0: 2,17
1: 29,11
2: 11,30
3: 38,14
4: 25,2
5: 5,6
6: 25,2
0: 2,16
1: 29,11
2: 11,31
3: 38,14
4: 25,2
5: 5,6
6: 25,2
0: 1,16
1: 28,11
2: 11,31
3: 38,14
4: 26,2
5: 4,6
6: 24,2
0: 1,16
1: 28,12
2: 11,32
3: 38,15
4: 26,2
5: 4,7
6: 24,2
0: 0,16
1: 28,12
2: 11,32
3: 38,15
4: 26,2
5: 4,7
6: 24,2
0: 0,16
1: 28,13
2: 11,32
3: 38,15
4: 26,3
5: 4,7
6: 24,1
0: 0,15
1: 28,13
2: 10,32
3: 37,15
4: 27,3
5: 3,7
6: 23,1
0: 0,15
1: 28,13
2: 10,33
3: 37,15
4: 27,3
5: 3,8
6: 23,1
0: 1,15
1: 27,13
2: 10,33
3: 36,15
4: 27,3
5: 3,8
6: 23,1
0: 1,15
1: 27,13
2: 10,33
3: 36,16
4: 27,4
5: 3,9
6: 23,0
0: 2,15
1: 26,13
2: 9,33
3: 36,16
4: 27,4
5: 3,9
6: 22,0
0: 2,14
1: 26,14
2: 9,34
3: 36,17
4: 27,5
5: 3,9
6: 22,0
0: 1,14
1: 26,14
2: 10,34
3: 36,17
4: 27,5
5: 2,9
6: 21,0
0: 1,14
1: 26,15
2: 10,34
3: 36,18
4: 27,6
5: 2,9
6: 21,1
0: 1,14
1: 27,15
2: 10,34
3: 36,18
4: 28,6
5: 1,9
6: 22,1
0: 1,13
1: 27,14
2: 10,35
3: 36,19
4: 28,5
5: 1,9
6: 22,1
0: 0,13
1: 27,14
2: 10,35
3: 36,19
4: 28,5
5: 0,9
6: 22,1
0: 0,14
1: 27,14
2: 10,35
3: 36,19
4: 28,4
5: 0,9
6: 22,2
0: 0,14
1: 27,14
2: 9,35
3: 35,19
4: 28,4
5: 1,9
6: 23,2
0: 0,14
1: 27,15
2: 9,36
3: 35,19
4: 28,4
5: 1,8
6: 23,2
0: 0,13
1: 27,15
2: 10,36
3: 34,19
4: 29,4
5: 1,7
6: 23,2
0: 0,12
1: 27,15
2: 10,36
3: 34,20
4: 29,4
5: 1,6
6: 23,3
0: 0,11
1: 26,15
2: 10,36
3: 35,20
4: 30,4
5: 1,5
6: 23,3
0: 0,10
1: 26,15
2: 10,37
3: 35,20
4: 30,4
5: 2,5
6: 23,3
0: 0,10
1: 26,15
2: 11,37
3: 36,20
4: 30,4
5: 3,5
6: 22,3
0: 1,10
1: 26,14
2: 11,36
3: 36,20
4: 30,5
5: 3,4
6: 22,4
0: 1,10
1: 26,14
2: 11,36
3: 37,20
4: 30,5
5: 3,3
6: 22,4
0: 2,10
1: 26,13
2: 11,35
3: 37,19
4: 30,6
5: 4,3
6: 22,4
0: 2,10
1: 25,13
2: 11,35
3: 37,19
4: 31,6
5: 4,2
6: 21,4
0: 2,10
1: 25,13
2: 11,34
3: 37,18
4: 31,6
5: 3,2
6: 21,5
0: 2,11
1: 25,13
2: 11,34
3: 37,18
4: 32,6
5: 2,2
6: 22,5
0: 2,11
1: 25,12
2: 11,33
3: 37,18
4: 32,6
5: 2,1
6: 22,5
0: 2,12
1: 25,12
2: 11,33
3: 38,18
4: 32,6
5: 2,0
6: 22,5
0: 3,12
1: 25,12
2: 11,33
3: 38,17
4: 32,7
5: 3,0
6: 22,6
0: 3,12
1: 26,12
2: 12,33
3: 37,17
4: 33,7
5: 4,0
6: 22,6
0: 3,12
1: 26,12
2: 12,32
3: 37,17
4: 33,7
5: 4,1
6: 22,7
0: 3,13
1: 27,12
2: 12,32
3: 37,17
4: 33,7
5: 5,1
6: 22,7
0: 4,13
1: 27,11
2: 12,31
3: 37,16
4: 33,8
5: 5,0
6: 22,8
0: 4,12
1: 27,11
2: 12,31
3: 37,16
4: 33,8
5: 6,0
6: 23,8
0: 4,12
1: 27,10
2: 12,31
3: 37,16
4: 33,8
5: 7,0
6: 23,8
0: 4,12
1: 26,10
2: 12,31
3: 38,16
4: 32,8
5: 8,0
6: 23,8
0: 5,12
1: 26,10
2: 12,32
3: 38,16
4: 32,9
5: 9,0
6: 23,9
0: 5,11
1: 26,10
2: 13,32
3: 39,16
4: 33,9
5: 10,0
6: 23,9
0: 5,11
1: 26,9
2: 13,32
3: 39,15
4: 33,9
5: 11,0
6: 23,9
0: 5,11
1: 25,9
2: 13,32
3: 39,15
4: 33,9
5: 12,0
6: 22,9
0: 6,11
1: 25,10
2: 13,32
3: 39,14
4: 33,10
5: 12,1
6: 22,10
0: 6,11
1: 25,10
2: 12,32
3: 39,14
4: 33,10
5: 13,1
6: 23,10
0: 6,11
1: 25,11
2: 12,33
3: 39,13
4: 33,10
5: 13,2
6: 23,10
0: 6,12
1: 26,11
2: 12,33
3: 38,13
4: 32,10
5: 12,2
6: 24,10
0: 6,12
1: 26,11
2: 12,34
3: 38,13
4: 32,11
5: 11,2
6: 24,10
0: 6,13
1: 26,11
2: 12,34
3: 37,13
4: 32,11
5: 11,1
6: 24,10
0: 6,13
1: 26,11
2: 12,35
3: 37,13
4: 32,12
5: 10,1
6: 24,11
0: 6,14
1: 25,11
2: 12,35
3: 37,13
4: 32,12
5: 9,1
6: 25,11
0: 6,14
1: 25,11
2: 12,36
3: 37,12
4: 32,13
5: 8,1
6: 25,10
0: 6,15
1: 24,11
2: 12,36
3: 36,12
4: 33,13
5: 8,2
6: 25,10
0: 6,15
1: 24,11
2: 12,36
3: 36,13
4: 33,13
5: 8,3
6: 25,9
0: 6,15
1: 24,11
2: 12,36
3: 36,13
4: 33,13
5: 8,4
6: 25,9
0: 5,15
1: 24,10
2: 12,35
3: 36,13
4: 33,14
5: 8,5
6: 25,9
0: 5,15
1: 23,10
2: 12,35
3: 35,13
4: 33,14
5: 8,6
6: 26,9
0: 4,15
1: 23,10
2: 12,34
3: 35,14
4: 33,15
5: 9,6
6: 26,9
0: 4,15
1: 22,10
2: 12,34
3: 35,14
4: 33,15
5: 9,7
6: 26,9
0: 4,15
1: 22,10
2: 12,33
3: 35,14
4: 33,15
5: 10,7
6: 26,10
0: 4,14
1: 22,10
2: 11,33
3: 34,14
4: 32,15
5: 10,6
6: 27,10
0: 3,14
1: 22,9
2: 11,34
3: 34,15
4: 32,15
5: 10,5
6: 27,10
0: 3,15
1: 22,9
2: 11,34
3: 35,15
4: 31,15
5: 9,5
6: 27,10
0: 3,15
1: 22,9
2: 11,35
3: 35,15
4: 31,16
5: 9,4
6: 27,11
0: 3,16
1: 23,9
2: 11,35
3: 35,15
4: 31,16
5: 10,4
6: 27,11
0: 3,16
1: 23,8
2: 11,36
3: 35,16
4: 31,17
5: 11,4
6: 27,12
0: 3,17
1: 22,8
2: 11,36
3: 35,16
4: 31,17
5: 11,5
6: 27,12
0: 4,17
1: 22,8
2: 11,37
3: 35,17
4: 31,17
5: 12,5
6: 27,12
0: 4,16
1: 22,8
2: 11,37
3: 35,17
4: 30,17
5: 13,5
6: 26,12
0: 4,16
1: 22,7
2: 11,37
3: 35,18
4: 30,17
5: 13,4
6: 26,12
0: 4,16
1: 22,7
2: 10,37
3: 35,18
4: 29,17
5: 12,4
6: 25,12
0: 5,16
1: 22,6
2: 10,38
3: 35,18
4: 29,17
5: 12,3
6: 25,13
0: 5,16
1: 22,6
2: 10,38
3: 34,18
4: 28,17
5: 13,3
6: 26,13
0: 6,16
1: 22,5
2: 10,39
3: 34,18
4: 28,17
5: 14,3
6: 26,13
0: 6,16
1: 21,5
2: 10,39
3: 34,18
4: 27,17
5: 14,4
6: 27,13
0: 6,16
1: 21,5
2: 10,39
3: 34,17
4: 27,17
5: 15,4
6: 27,13
0: 6,17
1: 21,5
2: 9,39
3: 33,17
4: 26,17
5: 16,4
6: 28,13
0: 6,17
1: 21,4
2: 9,39
3: 33,18
4: 26,18
5: 16,3
6: 28,12
0: 6,17
1: 21,4
2: 8,39
3: 33,18
4: 27,18
5: 17,3
6: 28,12
0: 5,17
1: 21,4
2: 8,39
3: 33,19
4: 27,18
5: 17,2
6: 28,11
0: 5,18
1: 22,4
2: 7,39
3: 33,19
4: 28,18
5: 16,2
6: 28,11
0: 6,18
1: 22,3
2: 7,39
3: 33,19
4: 28,18
5: 16,1
6: 28,10
0: 6,18
1: 22,3
2: 7,39
3: 32,19
4: 28,18
5: 17,1
6: 28,10
0: 7,18
1: 22,3
2: 7,38
3: 32,19
4: 28,19
5: 18,1
6: 28,9
0: 7,18
1: 23,3
2: 7,38
3: 31,19
4: 28,19
5: 19,1
6: 28,9
0: 7,18
1: 23,2
2: 7,37
3: 31,19
4: 28,19
5: 19,0
6: 28,9
0: 7,19
1: 22,2
2: 7,37
3: 31,19
4: 27,19
5: 20,0
6: 29,9
0: 8,19
1: 22,2
2: 7,36
3: 31,18
4: 27,20
5: 21,0
6: 29,8
0: 8,18
1: 22,2
2: 7,36
3: 30,18
4: 27,20
5: 22,0
6: 29,8
0: 8,18
1: 22,1
2: 7,35
3: 30,19
4: 27,20
5: 23,0
6: 29,8
0: 8,18
1: 21,1
2: 6,35
3: 30,19
4: 26,20
5: 23,1
6: 30,8
0: 9,18
1: 21,1
2: 6,35
3: 30,20
4: 26,21
5: 24,1
6: 30,7
0: 9,17
1: 21,1
2: 6,35
3: 30,20
4: 26,21
5: 24,2
6: 30,7
0: 9,17
1: 21,0
2: 6,34
3: 30,20
4: 26,21
5: 25,2
6: 30,7
0: 9,16
1: 20,0
2: 6,34
3: 29,20
4: 25,21
5: 26,2
6: 31,7
0: 9,16
1: 20,0
2: 6,34
3: 29,20
4: 25,22
5: 26,3
6: 31,7
0: 9,16
1: 19,0
2: 7,34
3: 28,20
4: 26,22
5: 27,3
6: 31,7
0: 10,16
1: 19,1
2: 7,34
3: 28,21
4: 26,22
5: 27,4
6: 31,8
0: 10,16
1: 19,1
2: 8,34
3: 29,21
4: 26,22
5: 27,5
6: 31,8
0: 10,16
1: 19,1
2: 8,33
3: 29,21
4: 26,23
5: 27,6
6: 31,9
0: 10,17
1: 18,1
2: 8,33
3: 30,21
4: 26,23
5: 28,6
6: 31,9
0: 10,17
1: 18,1
2: 8,32
3: 30,21
4: 26,23
5: 28,5
6: 31,10
0: 10,18
1: 17,1
2: 7,32
3: 30,21
4: 25,23
5: 28,4
6: 31,10
0: 11,18
1: 17,1
2: 7,32
3: 30,22
4: 25,24
5: 29,4
6: 31,11
0: 11,18
1: 16,1
2: 6,32
3: 31,22
4: 25,24
5: 30,4
6: 31,11
0: 11,18
1: 16,2
2: 6,33
3: 31,22
4: 25,24
5: 30,5
6: 31,12
0: 11,19
1: 17,2
2: 7,33
3: 31,22
4: 24,24
5: 30,6
6: 31,12
0: 11,19
1: 17,2
2: 7,33
3: 31,23
4: 24,24
5: 31,6
6: 31,12
0: 11,20
1: 17,2
2: 7,33
3: 31,23
4: 24,24
5: 32,6
6: 30,12
0: 11,20
1: 17,3
2: 7,33
3: 31,24
4: 24,23
5: 32,7
6: 30,12
0: 11,21
1: 17,3
2: 6,33
3: 32,24
4: 24,23
5: 33,7
6: 29,12
0: 11,21
1: 17,3
2: 6,33
3: 32,24
4: 24,22
5: 33,8
6: 29,13
0: 11,22
1: 16,3
2: 5,33
3: 32,24
4: 23,22
5: 32,8
6: 29,13
0: 11,22
1: 16,4
2: 5,33
3: 32,25
4: 23,22
5: 32,9
6: 29,14
0: 11,23
1: 16,4
2: 5,33
3: 32,25
4: 22,22
5: 33,9
6: 29,14
0: 12,23
1: 16,4
2: 5,32
3: 32,26
4: 22,22
5: 33,10
6: 29,14
0: 12,23
1: 15,4
2: 5,32
3: 33,26
4: 22,22
5: 32,10
6: 28,14
0: 13,23
1: 15,4
2: 5,31
3: 33,26
4: 22,21
5: 32,11
6: 28,15
0: 13,22
1: 14,4
2: 6,31
3: 34,26
4: 22,21
5: 32,12
6: 29,15
0: 13,22
1: 14,4
2: 6,30
3: 34,26
4: 22,20
5: 32,13
6: 29,15
0: 13,21
1: 14,4
2: 5,30
3: 34,26
4: 22,20
5: 33,13
6: 29,15
0: 13,21
1: 14,3
2: 5,29
3: 34,27
4: 22,20
5: 33,14
6: 29,16
0: 13,21
1: 13,3
2: 4,29
3: 34,27
4: 23,20
5: 33,15
6: 29,16
0: 14,21
1: 13,3
2: 3,29
3: 34,27
4: 23,20
5: 32,15
6: 29,16
0: 14,21
1: 12,3
2: 3,30
3: 33,27
4: 24,20
5: 31,15
6: 28,16
0: 15,21
1: 12,4
2: 3,31
3: 33,27
4: 24,19
5: 31,16
6: 28,16
0: 15,21
1: 13,4
2: 3,32
3: 32,27
4: 23,19
5: 31,17
6: 27,16
0: 15,21
1: 13,4
2: 3,33
3: 32,27
4: 23,19
5: 30,17
6: 27,16
0: 15,22
1: 13,4
2: 4,33
3: 31,27
4: 22,19
5: 29,17
6: 26,16
0: 15,22
1: 13,5
2: 4,34
3: 31,28
4: 22,19
5: 28,17
6: 26,16
0: 15,22
1: 13,5
2: 4,35
3: 32,28
4: 21,19
5: 27,17
6: 25,16
0: 14,22
1: 13,5
2: 3,35
3: 32,28
4: 21,20
5: 26,17
6: 25,16
0: 14,23
1: 12,5
2: 2,35
3: 32,28
4: 21,20
5: 26,18
6: 25,16
0: 15,23
1: 12,5
2: 2,34
3: 32,29
4: 21,21
5: 27,18
6: 25,15
0: 15,23
1: 11,5
2: 2,33
3: 32,29
4: 21,21
5: 28,18
6: 25,15
0: 15,23
1: 11,5
2: 2,32
3: 32,30
4: 21,22
5: 28,19
6: 25,14
0: 15,24
1: 11,5
2: 2,31
3: 32,30
4: 21,22
5: 27,19
6: 24,14
0: 16,24
1: 11,4
2: 1,31
3: 32,30
4: 21,22
5: 27,20
6: 24,15
0: 16,23
1: 10,4
2: 0,31
3: 31,30
4: 20,22
5: 26,20
6: 24,15
0: 16,23
1: 10,4
2: 0,30
3: 31,30
4: 20,23
5: 26,21
6: 24,16
0: 16,23
1: 9,4
2: 0,29
3: 30,30
4: 20,23
5: 25,21
6: 24,16
0: 17,23
1: 9,5
2: 1,29
3: 30,30
4: 20,24
5: 25,22
6: 24,16
0: 17,22
1: 10,5
2: 1,28
3: 29,30
4: 20,24
5: 26,22
6: 23,16
0: 17,22
1: 10,5
2: 0,28
3: 29,30
4: 20,25
5: 26,23
6: 23,17
0: 17,22
1: 10,5
2: 0,27
3: 28,30
4: 20,25
5: 25,23
6: 24,17
0: 18,22
1: 10,6
2: 0,26
3: 28,30
4: 20,25
5: 25,24
6: 24,17
0: 18,21
1: 10,6
2: 1,26
3: 28,30
4: 19,25
5: 24,24
6: 25,17
0: 17,21
1: 10,7
2: 1,27
3: 28,29
4: 19,26
5: 24,23
6: 25,17
0: 17,21
1: 10,7
2: 2,27
3: 28,29
4: 19,26
5: 24,22
6: 25,17
0: 16,21
1: 10,7
2: 2,28
3: 28,28
4: 19,27
5: 23,22
6: 25,18
0: 16,22
1: 9,7
2: 3,28
3: 27,28
4: 19,27
5: 22,22
6: 25,18
0: 16,22
1: 9,7
2: 3,27
3: 27,28
4: 19,27
5: 22,21
6: 25,18
0: 16,22
1: 9,7
2: 3,26
3: 26,28
4: 18,27
5: 22,20
6: 24,18
0: 16,22
1: 9,6
2: 2,26
3: 26,29
4: 18,27
5: 23,20
6: 24,18
0: 16,21
1: 8,6
2: 2,25
3: 27,29
4: 18,27
5: 24,20
6: 23,18
0: 16,21
1: 8,6
2: 1,25
3: 27,29
4: 18,26
5: 24,19
6: 23,18
0: 16,20
1: 8,6
2: 1,24
3: 27,29
4: 18,26
5: 23,19
6: 22,18
0: 15,20
1: 8,5
2: 0,24
3: 27,29
4: 18,25
5: 22,19
6: 22,18
0: 15,20
1: 8,5
2: 0,23
3: 26,29
4: 17,25
5: 21,19
6: 21,18
0: 15,20
1: 8,4
2: 0,22
3: 26,29
4: 17,26
5: 21,20
6: 21,18
0: 15,19
1: 8,4
2: 0,21
3: 26,29
4: 17,26
5: 21,21
6: 21,18
0: 15,18
1: 8,3
2: 0,20
3: 26,28
4: 17,27
5: 21,22
6: 21,17
0: 16,18
1: 8,3
2: 1,20
3: 26,28
4: 17,27
5: 20,22
6: 21,17
0: 16,17
1: 8,2
2: 2,20
3: 26,28
4: 17,28
5: 20,23
6: 21,16
0: 16,16
1: 8,2
2: 3,20
3: 27,28
4: 18,28
5: 20,24
6: 21,16
0: 15,16
1: 8,1
2: 4,20
3: 27,28
4: 18,28
5: 20,25
6: 21,15
0: 14,16
1: 8,1
2: 5,20
3: 28,28
4: 18,28
5: 19,25
6: 21,15
0: 14,17
1: 8,1
2: 5,19
3: 28,28
4: 18,29
5: 19,26
6: 21,15
0: 13,17
1: 9,1
2: 4,19
3: 28,28
4: 19,29
5: 19,27
6: 22,15
0: 13,18
1: 9,1
2: 3,19
3: 28,29
4: 19,28
5: 18,27
6: 22,14
0: 13,19
1: 10,1
2: 3,18
3: 29,29
4: 19,28
5: 18,26
6: 22,14
0: 14,19
1: 10,1
2: 2,18
3: 29,28
4: 19,28
5: 18,25
6: 22,13
0: 14,20
1: 11,1
2: 2,19
3: 29,28
4: 20,28
5: 17,25
6: 21,13
0: 13,20
1: 11,1
2: 1,19
3: 29,27
4: 20,28
5: 17,26
6: 21,14
0: 12,20
1: 11,1
2: 1,18
3: 28,27
4: 21,28
5: 17,27
6: 21,14
0: 12,19
1: 11,2
2: 0,18
3: 28,27
4: 21,27
5: 17,28
6: 21,14
0: 12,18
1: 12,2
2: 0,17
3: 27,27
4: 20,27
5: 18,28
6: 20,14
0: 12,17
1: 12,2
2: 1,17
3: 27,27
4: 20,27
5: 18,29
6: 20,14
0: 12,16
1: 13,2
2: 2,17
3: 26,27
4: 20,27
5: 19,29
6: 19,14
0: 13,16
1: 13,1
2: 2,16
3: 26,27
4: 20,26
5: 19,28
6: 19,14
0: 13,15
1: 12,1
2: 1,16
3: 26,27
4: 20,26
5: 20,28
6: 19,14
0: 14,15
1: 12,1
2: 0,16
3: 26,26
4: 20,26
5: 21,28
6: 19,13
0: 14,14
1: 12,1
2: 0,15
3: 26,26
4: 21,26
5: 21,27
6: 19,13
0: 15,14
1: 12,0
2: 1,15
3: 26,26
4: 21,26
5: 20,27
6: 19,12
0: 15,13
1: 11,0
2: 2,15
3: 27,26
4: 22,26
5: 20,26
6: 18,12
0: 16,13
1: 11,0
2: 2,14
3: 27,25
4: 22,25
5: 21,26
6: 18,12
0: 16,14
1: 10,0
2: 1,14
3: 27,25
4: 22,25
5: 22,26
6: 18,12
0: 16,15
1: 10,0
2: 1,13
3: 27,24
4: 22,25
5: 22,25
6: 18,11
0: 17,15
1: 9,0
2: 0,13
3: 26,24
4: 23,25
5: 23,25
6: 18,11
0: 17,16
1: 9,0
2: 0,12
3: 26,25
4: 23,24
5: 23,24
6: 18,11
0: 17,17
1: 8,0
2: 0,11
3: 26,25
4: 23,24
5: 23,24
6: 18,11
0: 17,18
1: 8,0
2: 0,10
3: 26,25
4: 23,23
5: 23,23
6: 18,12
0: 17,19
1: 7,0
2: 1,10
3: 25,25
4: 22,23
5: 22,23
6: 19,12
0: 17,20
1: 7,0
2: 2,10
3: 25,26
4: 22,24
5: 22,24
6: 19,12
0: 18,20
1: 6,0
2: 2,11
3: 25,26
4: 22,24
5: 22,24
6: 19,12
0: 18,19
1: 6,0
2: 2,12
3: 25,27
4: 22,24
5: 22,24
6: 19,13
0: 19,19
1: 5,0
2: 3,12
3: 25,27
4: 21,24
5: 21,24
6: 20,13
0: 20,19
1: 5,1
2: 3,13
3: 25,28
4: 21,25
5: 21,25
6: 20,12
0: 20,18
1: 5,1
2: 4,13
3: 25,28
4: 21,25
5: 21,25
6: 20,12
0: 20,17
1: 5,1
2: 4,12
3: 25,29
4: 21,25
5: 21,25
6: 20,11
0: 20,16
1: 4,1
2: 5,12
3: 25,29
4: 21,25
5: 21,25
6: 19,11
0: 20,15
1: 4,1
2: 5,11
3: 25,30
4: 21,24
5: 21,24
6: 19,11
0: 19,15
1: 4,1
2: 6,11
3: 25,30
4: 21,24
5: 21,24
6: 19,11
0: 19,16
1: 4,0
2: 6,12
3: 25,30
4: 21,23
5: 21,23
6: 19,10
0: 19,17
1: 3,0
2: 6,13
3: 24,30
4: 21,23
5: 21,23
6: 18,10
0: 19,18
1: 3,0
2: 6,14
3: 24,31
4: 21,23
5: 21,23
6: 18,10
0: 18,18
1: 2,0
2: 6,15
3: 24,31
4: 21,23
5: 21,23
6: 17,10
0: 18,17
1: 2,1
2: 5,15
3: 24,32
4: 21,24
5: 21,24
6: 17,11
0: 18,16
1: 2,1
2: 4,15
3: 25,32
4: 22,24
5: 22,24
6: 17,11
0: 18,15
1: 2,2
2: 4,14
3: 25,31
4: 22,23
5: 22,23
6: 17,11
0: 18,14
1: 3,2
2: 3,14
3: 25,31
4: 22,23
5: 22,23
6: 16,11
0: 18,13
1: 3,1
2: 3,15
3: 25,31
4: 22,23
5: 22,23
6: 16,12
0: 17,13
1: 3,1
2: 3,16
3: 26,31
4: 23,23
5: 23,23
6: 17,12
0: 17,12
1: 3,1
2: 3,17
3: 26,30
4: 23,23
5: 23,23
6: 17,12
0: 16,12
1: 3,1
2: 4,17
3: 26,30
4: 23,23
5: 23,23
6: 17,12
0: 16,11
1: 3,2
2: 4,16
3: 26,30
4: 23,24
5: 23,24
6: 17,13
0: 17,11
1: 4,2
2: 5,16
3: 27,30
4: 23,24
5: 23,24
6: 18,13
0: 17,10
1: 4,2
2: 6,16
3: 27,30
4: 23,25
5: 23,25
6: 18,13
0: 18,10
1: 4,2
2: 6,17
3: 27,30
4: 23,25
5: 23,25
6: 18,13
0: 19,10
1: 4,3
2: 5,17
3: 27,31
4: 23,26
5: 23,26
6: 18,14
0: 19,11
1: 4,3
2: 5,18
3: 28,31
4: 24,26
5: 24,26
6: 18,14
0: 20,11
1: 4,3
2: 6,18
3: 28,31
4: 24,26
5: 24,26
6: 18,15
0: 20,12
1: 3,3
2: 7,18
3: 28,31
4: 24,26
5: 24,26
6: 18,15
0: 20,13
1: 3,4
2: 7,19
3: 28,32
4: 24,27
5: 24,27
6: 18,16
0: 19,13
1: 3,4
2: 8,19
3: 28,32
4: 24,27
5: 24,27
6: 18,16
0: 19,14
1: 3,5
2: 8,18
3: 28,32
4: 24,28
5: 24,28
6: 18,17
0: 20,14
1: 3,5
2: 9,18
3: 27,32
4: 24,28
5: 24,28
6: 18,17
0: 21,14
1: 3,5
2: 9,17
3: 27,33
4: 24,29
5: 24,29
6: 18,18
0: 21,13
1: 2,5
2: 9,16
3: 28,33
4: 24,29
5: 24,29
6: 19,18
0: 22,13
1: 2,5
2: 10,16
3: 28,33
4: 24,29
5: 24,29
6: 19,17
0: 22,14
1: 1,5
2: 10,17
3: 29,33
4: 23,29
5: 23,29
6: 19,17
0: 22,15
1: 1,6
2: 10,18
3: 29,33
4: 23,30
5: 23,30
6: 19,16
0: 21,15
1: 1,6
2: 11,18
3: 29,33
4: 23,30
5: 23,30
6: 19,16
0: 21,16
1: 1,7
2: 11,19
3: 29,34
4: 23,30
5: 23,30
6: 19,15
0: 21,17
1: 1,7
2: 11,20
3: 29,34
4: 22,30
5: 22,30
6: 19,15
0: 21,18
1: 1,8
2: 11,21
3: 29,34
4: 22,31
5: 22,31
6: 19,15
0: 22,18
1: 1,8
2: 11,22
3: 28,34
4: 22,31
5: 22,31
6: 20,15
0: 23,18
1: 1,9
2: 11,23
3: 28,35
4: 22,32
5: 22,32
6: 20,15
0: 24,18
1: 2,9
2: 12,23
3: 28,35
4: 23,32
5: 23,32
6: 20,15
0: 25,18
1: 2,9
2: 13,23
3: 28,35
4: 23,32
5: 23,32
6: 20,16
0: 25,17
1: 3,9
2: 13,22
3: 27,35
4: 23,32
5: 23,32
6: 20,16
0: 24,17
1: 3,8
2: 13,21
3: 27,35
4: 23,33
5: 23,33
6: 20,17
0: 23,17
1: 3,8
2: 14,21
3: 26,35
4: 23,33
5: 23,33
6: 20,17
0: 23,16
1: 3,7
2: 15,21
3: 26,36
4: 23,33
5: 23,33
6: 20,18
0: 24,16
1: 3,7
2: 15,22
3: 26,36
4: 22,33
5: 22,33
6: 20,18
0: 24,15
1: 3,7
2: 14,22
3: 26,36
4: 22,34
5: 22,34
6: 20,19
0: 24,14
1: 4,7
2: 14,23
3: 25,36
4: 22,34
5: 22,34
6: 20,19
0: 25,14
1: 4,6
2: 15,23
3: 25,36
4: 22,34
5: 22,34
6: 20,19
0: 25,15
1: 3,6
2: 15,24
3: 25,36
4: 21,34
5: 21,34
6: 19,19
0: 25,16
1: 3,6
2: 16,24
3: 25,36
4: 21,34
5: 21,34
6: 19,19
0: 26,16
1: 2,6
2: 16,23
3: 26,36
4: 20,34
5: 20,34
6: 18,19
0: 27,16
1: 2,7
2: 17,23
3: 26,35
4: 20,34
5: 20,34
6: 18,20
0: 28,16
1: 2,7
2: 17,22
3: 25,35
4: 20,34
5: 20,34
6: 18,20
0: 29,16
1: 2,8
2: 18,22
3: 25,35
4: 20,33
5: 20,33
6: 18,20
0: 29,15
1: 2,8
2: 18,21
3: 24,35
4: 20,33
5: 20,33
6: 17,20
0: 28,15
1: 2,8
2: 17,21
3: 24,36
4: 20,32
5: 20,32
6: 17,20
0: 28,14
1: 2,8
2: 16,21
3: 24,36
4: 20,32
5: 20,32
6: 17,20
0: 29,14
1: 2,7
2: 16,20
3: 24,37
4: 20,31
5: 20,31
6: 17,19
0: 29,13
1: 2,7
2: 15,20
3: 24,37
4: 19,31
5: 19,31
6: 16,19
0: 29,12
1: 2,6
2: 15,19
3: 24,37
4: 19,32
5: 19,32
6: 16,19
0: 30,12
1: 2,6
2: 15,18
3: 23,37
4: 19,32
5: 19,32
6: 16,19
0: 31,12
1: 2,6
2: 16,18
3: 23,37
4: 19,33
5: 19,33
6: 16,19
0: 31,11
1: 3,6
2: 16,17
3: 23,37
4: 19,33
5: 19,33
6: 17,19
0: 31,10
1: 3,6
2: 16,16
3: 23,37
4: 19,34
5: 19,34
6: 17,18
0: 31,9
1: 4,6
2: 15,16
3: 24,37
4: 19,34
5: 19,34
6: 17,18
0: 31,8
1: 4,6
2: 14,16
3: 24,36
4: 19,35
5: 19,35
6: 17,17
0: 31,7
1: 5,6
2: 14,17
3: 23,36
4: 19,35
5: 19,35
6: 17,17
0: 30,7
1: 5,6
2: 13,17
3: 23,36
4: 19,36
5: 19,36
6: 17,16
0: 30,8
1: 6,6
2: 13,18
3: 23,36
4: 19,36
5: 19,36
6: 17,16
0: 29,8
1: 6,5
2: 13,19
3: 23,35
4: 19,37
5: 19,37
6: 17,15
0: 29,9
1: 6,5
2: 14,19
3: 22,35
4: 20,37
5: 20,37
6: 16,15
0: 28,9
1: 6,5
2: 14,20
3: 22,36
4: 20,37
5: 20,37
6: 16,15
0: 28,10
1: 7,5
2: 13,20
3: 22,36
4: 20,37
5: 20,37
6: 15,15
0: 28,11
1: 7,4
2: 12,20
3: 22,36
4: 20,38
5: 20,38
6: 15,15
0: 28,12
1: 6,4
2: 12,19
3: 21,36
4: 21,38
5: 21,38
6: 15,15
0: 28,13
1: 6,4
2: 12,18
3: 21,37
4: 21,38
5: 21,38
6: 15,15
0: 27,13
1: 5,4
2: 12,17
3: 22,37
4: 21,38
5: 21,38
6: 16,15
0: 26,13
1: 5,5
2: 12,16
3: 22,37
4: 21,39
5: 21,39
6: 16,14
0: 25,13
1: 5,5
2: 13,16
3: 22,37
4: 22,39
5: 22,39
6: 16,14
0: 25,12
1: 5,5
2: 13,15
3: 22,38
4: 22,39
5: 22,39
6: 16,13
0: 26,12
1: 4,5
2: 14,15
3: 23,38
4: 23,39
5: 23,39
6: 15,13
0: 27,12
1: 4,5
2: 14,14
3: 23,38
4: 23,39
5: 23,39
6: 15,14
0: 27,11
1: 4,5
2: 15,14
3: 24,38
4: 24,39
5: 24,39
6: 15,14
0: 27,10
1: 4,4
2: 15,13
3: 24,38
4: 24,39
5: 24,39
6: 15,14
0: 26,10
1: 4,4
2: 16,13
3: 25,38
4: 25,39
5: 25,39
6: 14,14
0: 26,9
1: 4,4
2: 16,14
3: 25,37
4: 25,39
5: 25,39
6: 14,15
0: 25,9
1: 4,4
2: 16,15
3: 25,37
4: 26,39
5: 26,39
6: 14,15
0: 25,10
1: 4,5
2: 17,15
3: 25,37
4: 26,39
5: 26,39
6: 14,15
0: 25,11
1: 5,5
2: 17,16
3: 26,37
4: 27,39
5: 27,39
6: 13,15
0: 24,11
1: 5,4
2: 17,17
3: 26,37
4: 27,38
5: 27,38
6: 13,16
0: 24,10
1: 5,4
2: 17,18
3: 27,37
4: 27,38
5: 27,38
6: 13,16
0: 23,10
1: 5,3
2: 17,19
3: 27,36
4: 27,38
5: 27,38
6: 13,16
0: 22,10
1: 5,3
2: 17,20
3: 27,36
4: 28,38
5: 28,38
6: 12,16
0: 22,9
1: 5,3
2: 18,20
3: 27,36
4: 28,38
5: 28,38
6: 12,17
0: 23,9
1: 6,3
2: 18,19
3: 28,36
4: 28,38
5: 28,38
6: 12,17
0: 23,8
1: 6,3
2: 19,19
3: 28,36
4: 28,39
5: 28,39
6: 12,18
0: 22,8
1: 7,3
2: 20,19
3: 28,36
4: 29,39
5: 29,39
6: 12,18
0: 22,7
1: 7,2
2: 20,18
3: 28,37
4: 29,38
5: 29,38
6: 12,19
0: 22,6
1: 7,2
2: 20,17
3: 29,37
4: 29,38
5: 29,38
6: 12,19
0: 22,5
1: 7,1
2: 20,16
3: 29,37
4: 29,37
5: 29,37
6: 12,20
0: 21,5
1: 6,1
2: 20,15
3: 29,37
4: 28,37
5: 28,37
6: 13,20
0: 21,4
1: 6,2
2: 19,15
3: 29,38
4: 28,37
5: 28,37
6: 13,20
0: 22,4
1: 6,2
2: 19,16
3: 29,38
4: 28,37
5: 28,37
6: 14,20
0: 22,4
1: 6,1
2: 19,17
3: 29,39
4: 29,37
5: 29,37
6: 13,20
0: 22,4
1: 7,1
2: 19,18
3: 28,39
4: 29,38
5: 29,38
6: 12,20
0: 22,4
1: 7,2
2: 18,18
3: 28,38
4: 29,39
5: 29,39
6: 12,19
0: 22,4
1: 7,3
2: 18,17
3: 27,38
4: 28,39
5: 28,39
6: 12,18
0: 22,4
1: 6,3
2: 18,16
3: 27,39
4: 28,38
5: 28,38
6: 12,17
0: 22,4
1: 5,3
2: 18,15
3: 26,39
4: 27,38
5: 27,38
6: 12,16
0: 22,4
1: 5,4
2: 18,14
3: 25,39
4: 27,39
5: 27,39
6: 13,16
0: 22,4
1: 6,4
2: 18,13
3: 24,39
4: 26,39
5: 26,39
6: 13,15
0: 22,4
1: 7,4
2: 17,13
3: 23,39
4: 25,39
5: 25,39
6: 14,15
0: 22,4
1: 7,5
2: 17,12
3: 22,39
4: 24,39
5: 24,39
6: 14,14
0: 22,4
1: 6,5
2: 16,12
3: 21,39
4: 23,39
5: 23,39
6: 15,14
0: 22,4
1: 6,6
2: 16,11
3: 21,38
4: 22,39
5: 22,39
6: 15,13
0: 22,4
1: 5,6
2: 17,11
3: 20,38
4: 21,39
5: 21,39
6: 16,13
0: 22,4
1: 4,6
2: 17,10
3: 20,37
4: 21,38
5: 21,38
6: 16,14
0: 22,4
1: 4,7
2: 18,10
3: 19,37
4: 20,38
5: 20,38
6: 16,15
0: 22,4
1: 3,7
2: 19,10
3: 19,36
4: 20,37
5: 20,37
6: 17,15
0: 22,4
1: 3,8
2: 19,11
3: 19,35
4: 19,37
5: 19,37
6: 17,16
0: 22,4
1: 3,9
2: 20,11
3: 19,34
4: 19,36
5: 19,36
6: 17,17
0: 22,4
1: 2,9
2: 20,12
3: 19,33
4: 19,35
5: 19,35
6: 17,18
0: 22,4
1: 1,9
2: 20,13
3: 19,32
4: 19,34
5: 19,34
6: 17,19
0: 22,4
1: 1,8
2: 19,13
3: 19,31
4: 19,33
5: 19,33
6: 17,20
0: 22,4
1: 1,7
2: 19,14
3: 20,31
4: 19,32
5: 19,32
6: 18,20
0: 22,4
1: 1,6
2: 20,14
3: 20,32
4: 19,31
5: 19,31
6: 18,19
0: 22,4
1: 1,5
2: 21,14
3: 20,33
4: 20,31
5: 20,31
6: 19,19
0: 22,4
1: 2,5
2: 21,13
3: 20,34
4: 20,32
5: 20,32
6: 20,19
0: 22,4
1: 3,5
2: 22,13
3: 21,34
4: 20,33
5: 20,33
6: 20,18
0: 22,4
1: 3,4
2: 22,14
3: 22,34
4: 20,34
5: 20,34
6: 20,17
0: 22,4
1: 3,3
2: 22,15
3: 22,33
4: 21,34
5: 21,34
6: 20,16
0: 22,4
1: 4,3
2: 21,15
3: 23,33
4: 22,34
5: 22,34
6: 20,15
0: 22,4
1: 4,2
2: 21,16
3: 23,32
4: 22,33
5: 22,33
6: 19,15
0: 22,4
1: 3,2
2: 21,17
3: 22,32
4: 23,33
5: 23,33
6: 19,16
0: 22,4
1: 2,2
2: 21,18
3: 22,31
4: 23,32
5: 23,32
6: 19,17
0: 22,4
1: 2,1
2: 22,18
3: 22,30
4: 22,32
5: 22,32
6: 19,18
0: 22,4
1: 2,0
2: 23,18
3: 23,30
4: 22,31
5: 22,31
6: 18,18
0: 22,4
1: 3,0
2: 24,18
3: 23,29
4: 22,30
5: 22,30
6: 18,17
0: 22,4
1: 4,0
2: 25,18
3: 24,29
4: 23,30
5: 23,30
6: 18,16
0: 22,4
1: 4,1
2: 25,17
3: 24,28
4: 23,29
5: 23,29
6: 18,15
0: 22,4
1: 5,1
2: 24,17
3: 24,27
4: 24,29
5: 24,29
6: 18,14
0: 22,4
1: 5,0
2: 23,17
3: 24,26
4: 24,28
5: 24,28
6: 18,13
0: 22,4
1: 6,0
2: 23,16
3: 23,26
4: 24,27
5: 24,27
6: 17,13
0: 22,4
1: 7,0
2: 24,16
3: 23,25
4: 24,26
5: 24,26
6: 17,12
0: 22,4
1: 8,0
2: 24,15
3: 22,25
4: 23,26
5: 23,26
6: 16,12
0: 22,4
1: 9,0
2: 24,14
3: 22,26
4: 23,25
5: 23,25
6: 16,11
0: 22,4
1: 10,0
2: 25,14
3: 21,26
4: 22,25
5: 22,25
6: 17,11
0: 22,4
1: 11,0
2: 25,15
3: 20,26
4: 22,26
5: 22,26
6: 17,10
0: 22,4
1: 12,0
2: 25,16
3: 20,27
4: 21,26
5: 21,26
6: 18,10
0: 22,4
1: 12,1
2: 26,16
3: 21,27
4: 20,26
5: 20,26
6: 19,10
0: 22,4
1: 13,1
2: 27,16
3: 21,28
4: 20,27
5: 20,27
6: 19,11
0: 22,4
1: 13,2
2: 28,16
3: 20,28
4: 21,27
5: 21,27
6: 20,11
0: 22,4
1: 12,2
2: 29,16
3: 19,28
4: 21,28
5: 21,28
6: 20,12
0: 22,4
1: 11,2
2: 29,15
3: 19,29
4: 20,28
5: 20,28
6: 20,13
0: 22,4
1: 11,1
2: 28,15
3: 18,29
4: 19,28
5: 19,28
6: 19,13
0: 22,4
1: 10,1
2: 28,14
3: 18,28
4: 19,29
5: 19,29
6: 19,14
0: 22,4
1: 9,1
2: 29,14
3: 17,28
4: 18,29
5: 18,29
6: 20,14
0: 22,4
1: 8,1
2: 29,13
3: 17,27
4: 18,28
5: 18,28
6: 21,14
0: 22,4
1: 8,2
2: 29,12
3: 17,26
4: 17,28
5: 17,28
6: 21,13
0: 22,4
1: 8,3
2: 30,12
3: 17,25
4: 17,27
5: 17,27
6: 22,13
0: 22,4
1: 8,4
2: 31,12
3: 18,25
4: 17,26
5: 17,26
6: 22,14
0: 22,4
1: 8,5
2: 31,11
3: 18,26
4: 17,25
5: 17,25
6: 22,15
0: 22,4
1: 8,6
2: 31,10
3: 18,27
4: 18,25
5: 18,25
6: 21,15
0: 22,4
1: 9,6
2: 31,9
3: 19,27
4: 18,26
5: 18,26
6: 21,16
0: 22,4
1: 9,7
2: 31,8
3: 19,26
4: 18,27
5: 18,27
6: 21,17
0: 22,4
1: 10,7
2: 31,7
3: 19,25
4: 19,27
5: 19,27
6: 21,18
0: 22,4
1: 10,6
2: 30,7
3: 20,25
4: 19,26
5: 19,26
6: 22,18
0: 22,4
1: 10,5
2: 30,8
3: 20,24
4: 19,25
5: 19,25
6: 23,18
0: 22,4
1: 9,5
2: 29,8
3: 20,23
4: 20,25
5: 20,25
6: 24,18
0: 22,4
1: 9,4
2: 29,9
3: 20,22
4: 20,24
5: 20,24
6: 25,18
0: 22,4
1: 10,4
2: 28,9
3: 21,22
4: 20,23
5: 20,23
6: 25,17
0: 22,4
1: 11,4
2: 28,10
3: 21,21
4: 20,22
5: 20,22
6: 24,17
0: 22,4
1: 11,5
2: 28,11
3: 21,20
4: 21,22
5: 21,22
6: 23,17
0: 22,4
1: 12,5
2: 28,12
3: 21,19
4: 21,21
5: 21,21
6: 23,16
0: 22,4
1: 13,5
2: 28,13
3: 22,19
4: 21,20
5: 21,20
6: 24,16
0: 22,4
1: 13,4
2: 27,13
3: 23,19
4: 21,19
5: 21,19
6: 24,15
0: 22,4
1: 12,4
2: 26,13
3: 24,19
4: 22,19
5: 22,19
6: 24,14
0: 22,4
1: 12,3
2: 25,13
3: 24,20
4: 23,19
5: 23,19
6: 25,14
0: 22,4
1: 13,3
2: 25,12
3: 23,20
4: 24,19
5: 24,19
6: 25,15
0: 22,4
1: 14,3
2: 26,12
3: 22,20
4: 24,20
5: 24,20
6: 25,16
0: 22,4
1: 14,4
2: 27,12
3: 22,21
4: 23,20
5: 23,20
6: 26,16
0: 22,4
1: 15,4
2: 27,11
3: 22,22
4: 22,20
5: 22,20
6: 27,16
0: 22,4
1: 16,4
2: 27,10
3: 23,22
4: 22,21
5: 22,21
6: 28,16
0: 22,4
1: 16,3
2: 26,10
3: 24,22
4: 22,22
5: 22,22
6: 29,16
0: 22,4
1: 17,3
2: 26,9
3: 24,23
4: 23,22
5: 23,22
6: 29,15
0: 22,4
1: 17,2
2: 25,9
3: 24,24
4: 24,22
5: 24,22
6: 28,15
0: 22,4
1: 16,2
2: 25,10
3: 25,24
4: 24,23
5: 24,23
6: 28,14
0: 22,4
1: 16,1
2: 25,11
3: 25,23
4: 24,24
5: 24,24
6: 29,14
0: 22,4
1: 17,1
2: 24,11
3: 26,23
4: 25,24
5: 25,24
6: 29,13
0: 22,4
1: 18,1
2: 24,10
3: 26,22
4: 25,23
5: 25,23
6: 29,12
0: 22,4
1: 19,1
2: 23,10
3: 25,22
4: 26,23
5: 26,23
6: 30,12
0: 22,4
1: 19,0
2: 22,10
3: 25,21
4: 26,22
5: 26,22
6: 31,12
0: 22,4
1: 20,0
2: 22,9
3: 26,21
4: 25,22
5: 25,22
6: 31,11
0: 22,4
1: 21,0
2: 23,9
3: 26,20
4: 25,21
5: 25,21
6: 31,10
0: 22,4
1: 21,1
2: 23,8
3: 27,20
4: 26,21
5: 26,21
6: 31,9
0: 22,4
1: 22,1
2: 22,8
3: 27,19
4: 26,20
5: 26,20
6: 31,8
0: 22,4
1: 22,2
2: 22,7
3: 28,19
4: 27,20
5: 27,20
6: 31,7
0: 22,4
1: 23,2
2: 22,6
3: 28,18
4: 27,19
5: 27,19
6: 30,7
0: 22,4
1: 23,3
2: 22,5
3: 27,18
4: 28,19
5: 28,19
6: 30,8
0: 22,4
1: 22,3
2: 21,5
3: 26,18
4: 28,18
5: 28,18
6: 29,8
0: 22,4
1: 22,4
2: 21,4
3: 26,17
4: 27,18
5: 27,18
6: 29,9
0: 22,4
1: 22,4
2: 22,4
3: 27,17
4: 26,18
5: 26,18
6: 28,9
0: 22,4
1: 22,4
2: 22,4
3: 28,17
4: 26,17
5: 26,17
6: 28,10
0: 22,4
1: 22,4
2: 22,4
3: 29,17
4: 27,17
5: 27,17
6: 28,11
0: 22,4
1: 22,4
2: 22,4
3: 30,17
4: 28,17
5: 28,17
6: 28,12
0: 22,4
1: 22,4
2: 22,4
3: 31,17
4: 29,17
5: 29,17
6: 28,13
0: 22,4
1: 22,4
2: 22,4
3: 31,16
4: 30,17
5: 30,17
6: 27,13
0: 22,4
1: 22,4
2: 22,4
3: 31,15
4: 31,17
5: 31,17
6: 26,13
0: 22,4
1: 22,4
2: 22,4
3: 32,15
4: 31,16
5: 31,16
6: 25,13
0: 22,4
1: 22,4
2: 22,4
3: 33,15
4: 31,15
5: 31,15
6: 25,12
0: 22,4
1: 22,4
2: 22,4
3: 33,14
4: 32,15
5: 32,15
6: 26,12
0: 22,4
1: 22,4
2: 22,4
3: 33,13
4: 33,15
5: 33,15
6: 27,12
0: 22,4
1: 22,4
2: 22,4
3: 32,13
4: 33,14
5: 33,14
6: 27,11
0: 22,4
1: 22,4
2: 22,4
3: 32,12
4: 33,13
5: 33,13
6: 27,10
0: 22,4
1: 22,4
2: 22,4
3: 32,11
4: 32,13
5: 32,13
6: 26,10
0: 22,4
1: 22,4
2: 22,4
3: 32,10
4: 32,12
5: 32,12
6: 26,9
0: 22,4
1: 22,4
2: 22,4
3: 33,10
4: 32,11
5: 32,11
6: 25,9
0: 22,4
1: 22,4
2: 22,4
3: 33,9
4: 32,10
5: 32,10
6: 25,10
0: 22,4
1: 22,4
2: 22,4
3: 32,9
4: 33,10
5: 33,10
6: 25,11
0: 22,4
1: 22,4
2: 22,4
3: 32,8
4: 33,9
5: 33,9
6: 24,11
0: 22,4
1: 22,4
2: 22,4
3: 33,8
4: 32,9
5: 32,9
6: 24,10
0: 22,4
1: 22,4
2: 22,4
3: 33,7
4: 32,8
5: 32,8
6: 23,10
0: 22,4
1: 22,4
2: 22,4
3: 32,7
4: 33,8
5: 33,8
6: 22,10
0: 22,4
1: 22,4
2: 22,4
3: 32,6
4: 33,7
5: 33,7
6: 22,9
0: 22,4
1: 22,4
2: 22,4
3: 31,6
4: 32,7
5: 32,7
6: 23,9
0: 22,4
1: 22,4
2: 22,4
3: 30,6
4: 32,6
5: 32,6
6: 23,8
0: 22,4
1: 22,4
2: 22,4
3: 30,5
4: 31,6
5: 31,6
6: 22,8
0: 22,4
1: 22,4
2: 22,4
3: 30,4
4: 30,6
5: 30,6
6: 22,7
0: 22,4
1: 22,4
2: 22,4
3: 29,4
4: 30,5
5: 30,5
6: 22,6
0: 22,4
1: 22,4
2: 22,4
3: 28,4
4: 30,4
5: 30,4
6: 22,5
0: 22,4
1: 22,4
2: 22,4
3: 28,5
4: 29,4
5: 29,4
6: 21,5
0: 22,4
1: 22,4
2: 22,4
3: 28,6
4: 28,4
5: 28,4
6: 21,4
0: 22,4
1: 22,4
2: 22,4
3: 27,6
4: 28,5
5: 28,5
6: 22,4
0: 22,4
1: 22,4
2: 22,4
3: 27,5
4: 28,6
5: 28,6
6: 22,4
0: 22,4
1: 22,4
2: 22,4
3: 27,4
4: 27,6
5: 27,6
6: 22,4
0: 22,4
1: 22,4
2: 22,4
3: 27,3
4: 27,5
5: 27,5
6: 22,4
0: 22,4
1: 22,4
2: 22,4
3: 26,3
4: 27,4
5: 27,4
6: 22,4
0: 22,4
1: 22,4
2: 22,4
3: 26,2
4: 27,3
5: 27,3
6: 22,4
0: 22,4
1: 22,4
2: 22,4
3: 25,2
4: 26,3
5: 26,3
6: 22,4
0: 22,4
1: 22,4
2: 22,4
3: 24,2
4: 26,2
5: 26,2
6: 22,4
0: 22,4
1: 22,4
2: 22,4
3: 24,1
4: 25,2
5: 25,2
6: 22,4
0: 22,4
1: 22,4
2: 22,4
3: 23,1
4: 24,2
5: 24,2
6: 22,4
0: 22,4
1: 22,4
2: 22,4
3: 23,0
4: 24,1
5: 24,1
6: 22,4
0: 22,4
1: 22,4
2: 22,4
3: 22,0
4: 23,1
5: 23,1
6: 22,4
0: 22,4
1: 22,4
2: 22,4
3: 21,0
4: 23,0
5: 23,0
6: 22,4
0: 22,4
1: 22,4
2: 22,4
3: 21,1
4: 22,0
5: 22,0
6: 22,4
0: 22,4
1: 22,4
2: 22,4
3: 22,1
4: 21,0
5: 21,0
6: 22,4
0: 22,4
1: 22,4
2: 22,4
3: 22,2
4: 21,1
5: 21,1
6: 22,4
0: 22,4
1: 22,4
2: 22,4
3: 23,2
4: 22,1
5: 22,1
6: 22,4
0: 22,4
1: 22,4
2: 22,4
3: 23,3
4: 22,2
5: 22,2
6: 22,4
0: 22,4
1: 22,4
2: 22,4
3: 22,3
4: 23,2
5: 23,2
6: 22,4
0: 22,4
1: 22,4
2: 22,4
3: 22,4
4: 23,3
5: 23,3
6: 22,4
0: 22,4
1: 22,4
2: 22,4
3: 22,4
4: 22,3
5: 22,3
Solved with-- # of Avatars:5 Diff:22  Moves:4 Hash:22
