3
0: 12,2
1: 21,6
2: 13,10
0: 12,2
1: 21,6
2: 12,10
0: 12,2
1: 21,6
2: 12,10
0: 12,2
1: 22,6
2: 12,10
0: 12,2
1: 22,6
2: 12,9
0: 12,2
1: 22,6
2: 12,9
0: 12,2
1: 22,7
2: 12,8
0: 12,2
1: 22,7
2: 11,8
0: 12,2
1: 22,8
2: 11,8
0: 12,2
1: 22,8
2: 10,8
0: 12,2
1: 22,8
2: 10,8
0: 12,2
1: 22,8
2: 10,8
0: 12,2
1: 22,7
2: 10,7
0: 12,2
1: 21,7
2: 10,7
0: 12,2
1: 21,8
2: 10,7
0: 12,2
1: 21,8
2: 11,7
0: 12,2
1: 21,8
2: 11,6
0: 12,2
1: 20,8
2: 11,6
0: 12,2
1: 20,9
2: 11,6
0: 12,2
1: 21,9
2: 11,6
0: 12,2
1: 21,9
2: 11,7
0: 12,2
1: 22,9
2: 12,7
0: 12,2
1: 22,9
2: 12,7
0: 12,2
1: 22,9
2: 12,7
0: 12,2
1: 22,10
2: 12,7
0: 12,2
1: 23,10
2: 11,7
0: 12,2
1: 23,10
2: 11,7
0: 12,2
1: 24,10
2: 10,7
0: 12,2
1: 24,10
2: 10,8
0: 12,2
1: 25,10
2: 11,8
0: 12,2
1: 25,10
2: 11,8
0: 12,2
1: 25,10
2: 12,8
0: 12,2
1: 25,10
2: 12,8
0: 12,2
1: 24,10
2: 12,8
0: 12,2
1: 24,11
2: 12,9
0: 12,2
1: 25,11
2: 13,9
0: 12,2
1: 25,11
2: 13,8
0: 12,2
1: 25,11
2: 13,8
0: 12,2
1: 25,12
2: 13,7
0: 12,2
1: 25,12
2: 13,7
0: 12,2
1: 25,12
2: 13,6
0: 12,2
1: 24,12
2: 12,6
0: 12,2
1: 24,13
2: 12,6
0: 12,2
1: 24,13
2: 12,6
0: 12,2
1: 24,14
2: 12,5
0: 12,2
1: 24,14
2: 12,5
0: 12,2
1: 24,14
2: 12,4
0: 12,2
1: 23,14
2: 12,4
0: 12,2
1: 23,14
2: 12,3
0: 12,2
1: 22,14
2: 12,3
0: 12,2
1: 22,14
2: 12,3
0: 12,2
1: 22,14
2: 13,3
0: 12,2
1: 22,14
2: 13,2
0: 12,2
1: 23,14
2: 12,2
0: 12,2
1: 23,14
2: 12,2
0: 12,2
1: 24,14
2: 12,2
0: 12,2
1: 24,13
2: 12,2
0: 12,2
1: 23,13
2: 12,2
0: 12,2
1: 23,13
2: 12,2
0: 12,2
1: 22,13
2: 12,2
0: 12,2
1: 22,13
2: 12,2
0: 12,2
1: 21,13
2: 12,2
0: 12,2
1: 21,14
2: 12,2
0: 12,2
1: 21,14
2: 12,2
0: 12,2
1: 21,15
2: 12,2
0: 12,2
1: 22,15
2: 12,2
0: 12,2
1: 22,15
2: 12,2
0: 12,2
1: 23,15
2: 12,2
0: 12,2
1: 23,15
2: 12,2
0: 12,2
1: 24,15
2: 12,2
0: 12,2
1: 24,15
2: 12,2
0: 12,2
1: 24,15
2: 12,2
0: 12,2
1: 24,16
2: 12,2
0: 12,2
1: 24,16
2: 12,2
0: 12,2
1: 24,17
2: 12,2
0: 12,2
1: 25,17
2: 12,2
0: 12,2
1: 25,17
2: 12,2
0: 12,2
1: 26,17
2: 12,2
0: 12,2
1: 26,16
2: 12,2
0: 12,2
1: 25,16
2: 12,2
0: 12,2
1: 25,16
2: 12,2
0: 12,2
1: 25,16
2: 12,2
0: 12,2
1: 25,15
2: 12,2
0: 12,2
1: 25,15
2: 12,2
0: 12,2
1: 25,15
2: 12,2
0: 12,2
1: 26,15
2: 12,2
0: 12,2
1: 26,14
2: 12,2
0: 12,2
1: 25,14
2: 12,2
0: 12,2
1: 25,14
2: 12,2
0: 12,2
1: 25,14
2: 12,2
0: 12,2
1: 25,13
2: 12,2
0: 12,2
1: 25,13
2: 12,2
0: 12,2
1: 25,13
2: 12,2
0: 12,2
1: 26,13
2: 12,2
0: 12,2
1: 26,12
2: 12,2
0: 12,2
1: 26,12
2: 12,2
0: 12,2
1: 26,11
2: 12,2
0: 12,2
1: 26,11
2: 12,2
0: 12,2
1: 26,10
2: 12,2
0: 12,2
1: 26,10
2: 12,2
0: 12,2
1: 26,9
2: 12,2
0: 12,2
1: 26,9
2: 12,2
0: 12,2
1: 26,8
2: 12,2
0: 12,2
1: 26,8
2: 12,2
0: 12,2
1: 26,8
2: 12,2
0: 12,2
1: 26,8
2: 12,2
0: 12,2
1: 26,9
2: 12,2
0: 12,2
1: 27,9
2: 12,2
0: 12,2
1: 27,8
2: 12,2
0: 12,2
1: 27,8
2: 12,2
0: 12,2
1: 27,7
2: 12,2
0: 12,2
1: 27,7
2: 12,2
0: 12,2
1: 27,7
2: 12,2
0: 12,2
1: 28,7
2: 12,2
0: 12,2
1: 28,6
2: 12,2
0: 12,2
1: 27,6
2: 12,2
0: 12,2
1: 27,6
2: 12,2
0: 12,2
1: 27,6
2: 12,2
0: 12,2
1: 27,5
2: 12,2
0: 12,2
1: 27,5
2: 12,2
0: 12,2
1: 27,4
2: 12,2
0: 12,2
1: 26,4
2: 12,2
0: 12,2
1: 26,5
2: 12,2
0: 12,2
1: 26,5
2: 12,2
0: 12,2
1: 26,5
2: 12,2
0: 12,2
1: 26,5
2: 12,2
0: 12,2
1: 26,4
2: 12,2
0: 12,2
1: 25,4
2: 12,2
0: 12,2
1: 25,4
2: 12,2
0: 12,2
1: 25,4
2: 12,2
0: 12,2
1: 25,4
2: 12,2
0: 12,2
1: 26,4
2: 12,2
0: 12,2
1: 26,4
2: 12,2
0: 12,2
1: 27,4
2: 12,2
0: 12,2
1: 27,4
2: 12,2
0: 12,2
1: 28,4
2: 12,2
0: 12,2
1: 28,4
2: 12,2
0: 12,2
1: 28,4
2: 12,2
0: 12,2
1: 28,5
2: 12,2
0: 12,2
1: 28,5
2: 12,2
0: 12,2
1: 28,5
2: 12,2
0: 12,2
1: 28,5
2: 12,2
0: 12,2
1: 28,4
2: 12,2
0: 12,2
1: 27,4
2: 12,2
0: 12,2
1: 27,5
2: 12,2
0: 12,2
1: 27,5
2: 12,2
0: 12,2
1: 27,6
2: 12,2
0: 12,2
1: 28,6
2: 12,2
0: 12,2
1: 28,6
2: 12,2
0: 12,2
1: 28,6
2: 12,2
0: 12,2
1: 28,7
2: 12,2
0: 12,2
1: 28,7
2: 12,2
0: 12,2
1: 28,7
2: 12,2
0: 12,2
1: 27,7
2: 12,2
0: 12,2
1: 27,8
2: 12,2
0: 12,2
1: 28,8
2: 12,2
0: 12,2
1: 28,8
2: 12,2
0: 12,2
1: 28,8
2: 12,2
0: 12,2
1: 28,9
2: 12,2
0: 12,2
1: 28,9
2: 12,2
0: 12,2
1: 28,10
2: 12,2
0: 12,2
1: 29,10
2: 12,2
0: 12,2
1: 29,9
2: 12,2
0: 12,2
1: 29,9
2: 12,2
0: 12,2
1: 29,8
2: 12,2
0: 12,2
1: 29,8
2: 12,2
0: 12,2
1: 29,7
2: 12,2
0: 12,2
1: 29,7
2: 12,2
0: 12,2
1: 29,6
2: 12,2
0: 12,2
1: 29,6
2: 12,2
0: 12,2
1: 29,5
2: 12,2
0: 12,2
1: 29,5
2: 12,2
0: 12,2
1: 29,4
2: 12,2
0: 12,2
1: 29,4
2: 12,2
0: 12,2
1: 29,3
2: 12,2
0: 12,2
1: 28,3
2: 12,2
0: 12,2
1: 28,3
2: 12,2
0: 12,2
1: 27,3
2: 12,2
0: 12,2
1: 27,3
2: 12,2
0: 12,2
1: 26,3
2: 12,2
0: 12,2
1: 26,3
2: 12,2
0: 12,2
1: 26,3
2: 12,2
0: 12,2
1: 26,2
2: 12,2
0: 12,2
1: 26,2
2: 12,2
0: 12,2
1: 26,2
2: 12,2
0: 12,2
1: 27,2
2: 12,2
0: 12,2
1: 27,1
2: 12,2
0: 12,2
1: 27,1
2: 12,2
0: 12,2
1: 27,1
2: 12,2
0: 12,2
1: 28,1
2: 12,2
0: 12,2
1: 28,1
2: 12,2
0: 12,2
1: 28,1
2: 12,2
0: 12,2
1: 28,1
2: 12,2
0: 12,2
1: 27,1
2: 12,2
0: 12,2
1: 27,2
2: 12,2
0: 12,2
1: 28,2
2: 12,2
0: 12,2
1: 28,2
2: 12,2
0: 12,2
1: 29,2
2: 12,2
0: 12,2
1: 29,1
2: 12,2
0: 12,2
1: 29,1
2: 12,2
0: 12,2
1: 29,0
2: 12,2
0: 12,2
1: 28,0
2: 12,2
0: 12,2
1: 28,0
2: 12,2
0: 12,2
1: 27,0
2: 12,2
0: 12,2
1: 27,0
2: 12,2
0: 12,2
1: 26,0
2: 12,2
0: 12,2
1: 26,1
2: 12,2
0: 12,2
1: 26,1
2: 12,2
0: 12,2
1: 26,1
2: 12,2
0: 12,2
1: 25,1
2: 12,2
0: 12,2
1: 25,1
2: 12,2
0: 12,2
1: 25,1
2: 12,2
0: 12,2
1: 25,0
2: 12,2
0: 12,2
1: 24,0
2: 12,2
0: 12,2
1: 24,1
2: 12,2
0: 12,2
1: 24,1
2: 12,2
0: 12,2
1: 24,2
2: 12,2
0: 12,2
1: 25,2
2: 12,2
0: 12,2
1: 25,2
2: 12,2
0: 12,2
1: 25,2
2: 12,2
0: 12,2
1: 25,3
2: 12,2
0: 12,2
1: 25,3
2: 12,2
0: 12,2
1: 25,3
2: 12,2
0: 12,2
1: 24,3
2: 12,2
0: 12,2
1: 24,4
2: 12,2
0: 12,2
1: 24,4
2: 12,2
0: 12,2
1: 24,5
2: 12,2
0: 12,2
1: 25,5
2: 12,2
0: 12,2
1: 25,5
2: 12,2
0: 12,2
1: 25,5
2: 12,2
0: 12,2
1: 25,6
2: 12,2
0: 12,2
1: 26,6
2: 12,2
0: 12,2
1: 26,6
2: 12,2
0: 12,2
1: 26,6
2: 12,2
0: 12,2
1: 26,7
2: 12,2
0: 12,2
1: 26,7
2: 12,2
0: 12,2
1: 26,7
2: 12,2
0: 12,2
1: 25,7
2: 12,2
0: 12,2
1: 25,8
2: 12,2
0: 12,2
1: 25,8
2: 12,2
0: 12,2
1: 25,9
2: 12,2
0: 12,2
1: 25,9
2: 12,2
0: 12,2
1: 25,9
2: 12,2
0: 12,2
1: 24,9
2: 12,2
0: 12,2
1: 24,9
2: 12,2
0: 12,2
1: 23,9
2: 12,2
0: 12,2
1: 23,9
2: 12,2
0: 12,2
1: 23,9
2: 12,2
0: 12,2
1: 23,8
2: 12,2
0: 12,2
1: 23,8
2: 12,2
0: 12,2
1: 23,8
2: 12,2
0: 12,2
1: 24,8
2: 12,2
0: 12,2
1: 24,7
2: 12,2
0: 12,2
1: 23,7
2: 12,2
0: 12,2
1: 23,7
2: 12,2
0: 12,2
1: 23,7
2: 12,2
0: 12,2
1: 23,6
2: 12,2
0: 12,2
1: 23,6
2: 12,2
0: 12,2
1: 23,5
2: 12,2
0: 12,2
1: 23,5
2: 12,2
0: 12,2
1: 23,4
2: 12,2
0: 12,2
1: 23,4
2: 12,2
0: 12,2
1: 23,3
2: 12,2
0: 12,2
1: 23,3
2: 12,2
0: 12,2
1: 23,2
2: 12,2
0: 12,2
1: 22,2
2: 12,2
0: 12,2
1: 22,3
2: 12,2
0: 12,2
1: 22,3
2: 12,2
0: 12,2
1: 22,3
2: 12,2
0: 12,2
1: 21,3
2: 12,2
0: 12,2
1: 21,3
2: 12,2
0: 12,2
1: 20,3
2: 12,2
0: 12,2
1: 20,4
2: 12,2
0: 12,2
1: 21,4
2: 12,2
0: 12,2
1: 21,4
2: 12,2
0: 12,2
1: 22,4
2: 12,2
0: 12,2
1: 22,4
2: 12,2
0: 12,2
1: 22,4
2: 12,2
0: 12,2
1: 22,5
2: 12,2
0: 12,2
1: 22,5
2: 12,2
0: 12,2
1: 22,5
2: 12,2
0: 12,2
1: 21,5
2: 12,2
0: 12,2
1: 21,5
2: 12,2
0: 12,2
1: 20,5
2: 12,2
0: 12,2
1: 20,6
2: 12,2
0: 12,2
1: 20,6
2: 12,2
0: 12,2
1: 20,6
2: 12,2
0: 12,2
1: 19,6
2: 12,2
0: 12,2
1: 19,7
2: 12,2
0: 12,2
1: 19,7
2: 12,2
0: 12,2
1: 19,7
2: 12,2
0: 12,2
1: 18,7
2: 12,2
0: 12,2
1: 18,7
2: 12,2
0: 12,2
1: 18,7
2: 12,2
0: 12,2
1: 18,6
2: 12,2
0: 12,2
1: 17,6
2: 12,2
0: 12,2
1: 17,6
2: 12,2
0: 12,2
1: 17,6
2: 12,2
0: 12,2
1: 17,5
2: 12,2
0: 12,2
1: 17,5
2: 12,2
0: 12,2
1: 17,5
2: 12,2
0: 12,2
1: 17,5
2: 12,2
0: 12,2
1: 17,6
2: 12,2
0: 12,2
1: 18,6
2: 12,2
0: 12,2
1: 18,5
2: 12,2
0: 12,2
1: 18,5
2: 12,2
0: 12,2
1: 18,5
2: 12,2
0: 12,2
1: 19,5
2: 12,2
0: 12,2
1: 19,4
2: 12,2
0: 12,2
1: 18,4
2: 12,2
0: 12,2
1: 18,4
2: 12,2
0: 12,2
1: 17,4
2: 12,2
0: 12,2
1: 17,4
2: 12,2
0: 12,2
1: 17,4
2: 12,2
0: 12,2
1: 17,3
2: 12,2
0: 12,2
1: 17,3
2: 12,2
0: 12,2
1: 17,2
2: 12,2
0: 12,2
1: 17,2
2: 12,2
0: 12,2
1: 17,1
2: 12,2
0: 12,2
1: 16,1
2: 12,2
0: 12,2
1: 16,2
2: 12,2
0: 12,2
1: 16,2
2: 12,2
0: 12,2
1: 16,2
2: 12,2
0: 12,2
1: 15,2
2: 12,2
0: 12,2
1: 15,2
2: 12,2
0: 12,2
1: 14,2
2: 12,2
0: 12,2
1: 14,2
2: 12,2
0: 12,2
1: 14,2
2: 12,2
0: 12,2
1: 14,2
2: 12,2
0: 12,2
1: 15,2
2: 12,2
0: 12,2
1: 15,1
2: 12,2
0: 12,2
1: 14,1
2: 12,2
0: 12,2
1: 14,1
2: 12,2
0: 12,2
1: 13,1
2: 12,2
0: 12,2
1: 13,1
2: 12,2
0: 12,2
1: 13,1
2: 12,2
0: 12,2
1: 13,0
2: 12,2
0: 12,2
1: 12,0
2: 12,2
0: 12,2
1: 12,1
2: 12,2
0: 12,2
1: 12,1
